#
# There is insufficient memory for the Java Runtime Environment to continue.
# Native memory allocation (malloc) failed to allocate 286224 bytes for Chunk::new
# Possible reasons:
#   The system is out of physical RAM or swap space
#   The process is running with CompressedOops enabled, and the Java Heap may be blocking the growth of the native heap
# Possible solutions:
#   Reduce memory load on the system
#   Increase physical memory or swap space
#   Check if swap backing store is full
#   Decrease Java heap size (-Xmx/-Xms)
#   Decrease number of Java threads
#   Decrease Java thread stack sizes (-Xss)
#   Set larger code cache with -XX:ReservedCodeCacheSize=
#   JVM is running with Unscaled Compressed Oops mode in which the Java heap is
#     placed in the first 4GB address space. The Java Heap base address is the
#     maximum limit for the native heap growth. Please use -XX:HeapBaseMinAddress
#     to set the Java Heap base and to place the Java Heap above 4GB virtual address.
# This output file may be truncated or incomplete.
#
#  Out of Memory Error (t:/workspace/open/src/hotspot/share/memory/arena.cpp:197), pid=9264, tid=4136
#
# JRE version: Java(TM) SE Runtime Environment (11.0.2+9) (build 11.0.2+9-LTS)
# Java VM: Java HotSpot(TM) 64-Bit Server VM (11.0.2+9-LTS, mixed mode, tiered, compressed oops, parallel gc, windows-amd64)
# No core dump will be written. Minidumps are not enabled by default on client versions of Windows
#

---------------  S U M M A R Y ------------

Command Line: --add-modules=ALL-SYSTEM --add-opens=java.base/java.util=ALL-UNNAMED --add-opens=java.base/java.lang=ALL-UNNAMED -Declipse.application=org.eclipse.jdt.ls.core.id1 -Dosgi.bundles.defaultStartLevel=4 -Declipse.product=org.eclipse.jdt.ls.core.product -Djava.import.generatesMetadataFilesAtProjectRoot=false -Dfile.encoding=utf8 -DwatchParentProcess=false -XX:+UseParallelGC -XX:GCTimeRatio=4 -XX:AdaptiveSizePolicyWeight=90 -Dsun.zip.disableMemoryMapping=true -Xmx1G -Xms100m -XX:+HeapDumpOnOutOfMemoryError -XX:HeapDumpPath=c:\Users\Pc\AppData\Roaming\Code\User\workspaceStorage\71339ea470635b0bf8dc73e1feefa39c\redhat.java -Xverify:none c:\Users\Pc\.vscode\extensions\redhat.java-1.1.0\server\plugins\org.eclipse.equinox.launcher_1.6.400.v20210924-0641.jar -configuration c:\Users\Pc\AppData\Roaming\Code\User\globalStorage\redhat.java\1.1.0\config_win -data c:\Users\Pc\AppData\Roaming\Code\User\workspaceStorage\71339ea470635b0bf8dc73e1feefa39c\redhat.java\jdt_ws

Host: AMD Athlon(tm) II X2 250 Processor, 2 cores, 7G,  Windows 10 , 64 bit Build 19041 (10.0.19041.1348)
Time: Fri Dec  3 00:05:30 2021 Hora estándar de Argentina elapsed time: 0 seconds (0d 0h 0m 0s)

---------------  T H R E A D  ---------------

Current thread (0x000001c9213b5000):  JavaThread "C2 CompilerThread0" daemon [_thread_in_native, id=4136, stack(0x0000005318b00000,0x0000005318c00000)]


Current CompileTask:
C2:    953  571   !   4       java.util.jar.Attributes::read (388 bytes)

Stack: [0x0000005318b00000,0x0000005318c00000]
Native frames: (J=compiled Java code, j=interpreted, Vv=VM code, C=native code)
V  [jvm.dll+0x63574a]
V  [jvm.dll+0x77326f]
V  [jvm.dll+0x77491a]
V  [jvm.dll+0x774fd3]
V  [jvm.dll+0x25e418]
V  [jvm.dll+0xc2141]
V  [jvm.dll+0xc26dc]
V  [jvm.dll+0x5c96b7]
V  [jvm.dll+0x5c858e]
V  [jvm.dll+0x2180ed]
V  [jvm.dll+0x2173ea]
V  [jvm.dll+0x194200]
V  [jvm.dll+0x2263af]
V  [jvm.dll+0x2249b8]
V  [jvm.dll+0x738a9d]
V  [jvm.dll+0x6347f2]
C  [ucrtbase.dll+0x21bb2]
C  [KERNEL32.DLL+0x17034]
C  [ntdll.dll+0x52651]


---------------  P R O C E S S  ---------------

Threads class SMR info:
_java_thread_list=0x000001c9220cb6c0, length=10, elements={
0x000001c9076c5800, 0x000001c90778e800, 0x000001c92134f000, 0x000001c9213b1800,
0x000001c9213b2000, 0x000001c9213b5000, 0x000001c9213b6800, 0x000001c921ee0800,
0x000001c921fe1800, 0x000001c9220e7800
}

Java Threads: ( => current thread )
  0x000001c9076c5800 JavaThread "main" [_thread_in_vm, id=7680, stack(0x0000005318400000,0x0000005318500000)]
  0x000001c90778e800 JavaThread "Reference Handler" daemon [_thread_blocked, id=2236, stack(0x0000005318700000,0x0000005318800000)]
  0x000001c92134f000 JavaThread "Finalizer" daemon [_thread_blocked, id=3044, stack(0x0000005318800000,0x0000005318900000)]
  0x000001c9213b1800 JavaThread "Signal Dispatcher" daemon [_thread_blocked, id=1288, stack(0x0000005318900000,0x0000005318a00000)]
  0x000001c9213b2000 JavaThread "Attach Listener" daemon [_thread_blocked, id=4472, stack(0x0000005318a00000,0x0000005318b00000)]
=>0x000001c9213b5000 JavaThread "C2 CompilerThread0" daemon [_thread_in_native, id=4136, stack(0x0000005318b00000,0x0000005318c00000)]
  0x000001c9213b6800 JavaThread "C1 CompilerThread0" daemon [_thread_blocked, id=12728, stack(0x0000005318c00000,0x0000005318d00000)]
  0x000001c921ee0800 JavaThread "Sweeper thread" daemon [_thread_blocked, id=13004, stack(0x0000005318d00000,0x0000005318e00000)]
  0x000001c921fe1800 JavaThread "Common-Cleaner" daemon [_thread_blocked, id=9740, stack(0x0000005318e00000,0x0000005318f00000)]
  0x000001c9220e7800 JavaThread "Service Thread" daemon [_thread_blocked, id=14592, stack(0x0000005318f00000,0x0000005319000000)]

Other Threads:
  0x000001c907788000 VMThread "VM Thread" [stack: 0x0000005318600000,0x0000005318700000] [id=4148]
  0x000001c9220f5800 WatcherThread [stack: 0x0000005319000000,0x0000005319100000] [id=14032]
  0x000001c9076d9800 GCTaskThread "ParGC Thread#0" [stack: 0x0000005318500000,0x0000005318600000] [id=5468]

Threads with active compile tasks:
C2 CompilerThread0 571   !   4       java.util.jar.Attributes::read (388 bytes)

VM state:not at safepoint (normal execution)

VM Mutex/Monitor currently owned by a thread:  ([mutex/lock_event])
[0x000001c9076b8650] SymbolTable_lock - owner thread: 0x0000000000000000

Heap address: 0x00000000c0000000, size: 1024 MB, Compressed Oops mode: 32-bit
Narrow klass base: 0x0000000000000000, Narrow klass shift: 3
Compressed class space size: 1073741824 Address: 0x0000000100000000

Heap:
 PSYoungGen      total 29696K, used 11792K [0x00000000eab00000, 0x00000000ecc00000, 0x0000000100000000)
  eden space 25600K, 46% used [0x00000000eab00000,0x00000000eb684278,0x00000000ec400000)
  from space 4096K, 0% used [0x00000000ec800000,0x00000000ec800000,0x00000000ecc00000)
  to   space 4096K, 0% used [0x00000000ec400000,0x00000000ec400000,0x00000000ec800000)
 ParOldGen       total 68608K, used 0K [0x00000000c0000000, 0x00000000c4300000, 0x00000000eab00000)
  object space 68608K, 0% used [0x00000000c0000000,0x00000000c0000000,0x00000000c4300000)
 Metaspace       used 9401K, capacity 9605K, committed 9856K, reserved 1058816K
  class space    used 839K, capacity 887K, committed 896K, reserved 1048576K

Card table byte_map: [0x000001c9070b0000,0x000001c9072c0000] _byte_map_base: 0x000001c906ab0000

Marking Bits: (ParMarkBitMap*) 0x00007ffba950dc00
 Begin Bits: [0x000001c91e9f0000, 0x000001c91f9f0000)
 End Bits:   [0x000001c91f9f0000, 0x000001c9209f0000)

Polling page: 0x000001c906ea0000

Metaspace:

Usage:
  Non-class:      8.51 MB capacity,     8.36 MB ( 98%) used,   147.98 KB (  2%) free+waste,     8.44 KB ( <1%) overhead. 
      Class:    887.00 KB capacity,   839.51 KB ( 95%) used,    43.80 KB (  5%) free+waste,     3.69 KB ( <1%) overhead. 
       Both:      9.38 MB capacity,     9.18 MB ( 98%) used,   191.79 KB (  2%) free+waste,    12.13 KB ( <1%) overhead. 

Virtual space:
  Non-class space:       10.00 MB reserved,       8.75 MB ( 88%) committed 
      Class space:        1.00 GB reserved,     896.00 KB ( <1%) committed 
             Both:        1.01 GB reserved,       9.63 MB ( <1%) committed 

Chunk freelists:
   Non-Class:  6.25 KB
       Class:  1.13 KB
        Both:  7.38 KB

CodeHeap 'non-profiled nmethods': size=120064Kb used=167Kb max_used=167Kb free=119896Kb
 bounds [0x000001c9174b0000, 0x000001c917720000, 0x000001c91e9f0000]
CodeHeap 'profiled nmethods': size=120000Kb used=906Kb max_used=906Kb free=119093Kb
 bounds [0x000001c90ff80000, 0x000001c9101f0000, 0x000001c9174b0000]
CodeHeap 'non-nmethods': size=5696Kb used=1050Kb max_used=1063Kb free=4645Kb
 bounds [0x000001c90f9f0000, 0x000001c90fc60000, 0x000001c90ff80000]
 total_blobs=1101 nmethods=591 adapters=263
 compilation: enabled
              stopped_count=0, restarted_count=0
 full_count=0

Compilation events (10 events):
Event: 0.889 Thread 0x000001c9213b6800  582   !   3       java.util.zip.InflaterInputStream::read (138 bytes)
Event: 0.890 Thread 0x000001c9213b6800 nmethod 582 0x000001c91005d290 code [0x000001c91005d540, 0x000001c91005e380]
Event: 0.898 Thread 0x000001c9213b6800  585       3       java.security.Provider$ServiceKey::equals (55 bytes)
Event: 0.898 Thread 0x000001c9213b6800 nmethod 585 0x000001c91005e910 code [0x000001c91005eb00, 0x000001c91005f000]
Event: 0.899 Thread 0x000001c9213b6800  586       3       sun.security.util.ObjectIdentifier::equals (33 bytes)
Event: 0.899 Thread 0x000001c9213b6800 nmethod 586 0x000001c91005f190 code [0x000001c91005f360, 0x000001c91005f770]
Event: 0.903 Thread 0x000001c9213b6800  587       3       sun.security.util.DerInputStream::getBytes (29 bytes)
Event: 0.904 Thread 0x000001c9213b6800 nmethod 587 0x000001c91005f890 code [0x000001c91005fa80, 0x000001c91005fee0]
Event: 0.904 Thread 0x000001c9213b6800  588       3       java.lang.Class::getReflectionFactory (26 bytes)
Event: 0.904 Thread 0x000001c9213b6800 nmethod 588 0x000001c910060090 code [0x000001c910060280, 0x000001c910060670]

GC Heap History (0 events):
No events

Deoptimization events (4 events):
Event: 0.335 Thread 0x000001c9076c5800 Uncommon trap: reason=unstable_if action=reinterpret pc=0x000001c9174b5f10 method=java.lang.String.isLatin1()Z @ 10 c2
Event: 0.718 Thread 0x000001c9076c5800 Uncommon trap: reason=unstable_if action=reinterpret pc=0x000001c9174cff38 method=java.util.jar.Manifest$FastInputStream.readLine([BII)I @ 130 c2
Event: 0.833 Thread 0x000001c9076c5800 Uncommon trap: reason=bimorphic_or_optimized_type_check action=maybe_recompile pc=0x000001c9174d0ed0 method=java.util.HashMap.getNode(ILjava/lang/Object;)Ljava/util/HashMap$Node; @ 126 c2
Event: 0.833 Thread 0x000001c9076c5800 Uncommon trap: reason=unstable_if action=reinterpret pc=0x000001c9174d0ebc method=java.util.HashMap.getNode(ILjava/lang/Object;)Ljava/util/HashMap$Node; @ 62 c2

Classes redefined (0 events):
No events

Internal exceptions (6 events):
Event: 0.616 Thread 0x000001c9076c5800 Exception <a 'java/lang/ClassNotFoundException'{0x00000000eaf4b2e0}: sun/net/www/protocol/c/Handler> (0x00000000eaf4b2e0) thrown at [t:/workspace/open/src/hotspot/share/classfile/systemDictionary.cpp, line 231]
Event: 0.624 Thread 0x000001c9076c5800 Exception <a 'java/io/FileNotFoundException'{0x00000000eaf62880}> (0x00000000eaf62880) thrown at [t:/workspace/open/src/hotspot/share/prims/jni.cpp, line 615]
Event: 0.624 Thread 0x000001c9076c5800 Exception <a 'java/io/FileNotFoundException'{0x00000000eaf636b0}> (0x00000000eaf636b0) thrown at [t:/workspace/open/src/hotspot/share/prims/jni.cpp, line 615]
Event: 0.625 Thread 0x000001c9076c5800 Exception <a 'java/io/FileNotFoundException'{0x00000000eaf64378}> (0x00000000eaf64378) thrown at [t:/workspace/open/src/hotspot/share/prims/jni.cpp, line 615]
Event: 0.625 Thread 0x000001c9076c5800 Exception <a 'java/io/FileNotFoundException'{0x00000000eaf65030}> (0x00000000eaf65030) thrown at [t:/workspace/open/src/hotspot/share/prims/jni.cpp, line 615]
Event: 0.640 Thread 0x000001c9076c5800 Exception <a 'java/io/FileNotFoundException'{0x00000000eaf81818}> (0x00000000eaf81818) thrown at [t:/workspace/open/src/hotspot/share/prims/jni.cpp, line 615]

Events (10 events):
Event: 0.896 Thread 0x000001c9076c5800 DEOPT PACKING pc=0x000001c91002cbf2 sp=0x00000053184fd660
Event: 0.896 Thread 0x000001c9076c5800 DEOPT UNPACKING pc=0x000001c90fa1773f sp=0x00000053184fcad8 mode 0
Event: 0.897 Thread 0x000001c9076c5800 DEOPT PACKING pc=0x000001c91002cbf2 sp=0x00000053184fd660
Event: 0.897 Thread 0x000001c9076c5800 DEOPT UNPACKING pc=0x000001c90fa1773f sp=0x00000053184fcad8 mode 0
Event: 0.897 Thread 0x000001c9076c5800 DEOPT PACKING pc=0x000001c91002cbf2 sp=0x00000053184fd660
Event: 0.897 Thread 0x000001c9076c5800 DEOPT UNPACKING pc=0x000001c90fa1773f sp=0x00000053184fcad8 mode 0
Event: 0.897 Thread 0x000001c9076c5800 DEOPT PACKING pc=0x000001c91002cbf2 sp=0x00000053184fd660
Event: 0.897 Thread 0x000001c9076c5800 DEOPT UNPACKING pc=0x000001c90fa1773f sp=0x00000053184fcad8 mode 0
Event: 0.897 Thread 0x000001c9076c5800 DEOPT PACKING pc=0x000001c91002cbf2 sp=0x00000053184fd660
Event: 0.897 Thread 0x000001c9076c5800 DEOPT UNPACKING pc=0x000001c90fa1773f sp=0x00000053184fcad8 mode 0


Dynamic libraries:
0x00007ff7a5a00000 - 0x00007ff7a5a47000 	C:\Program Files\Java\jdk-11.0.2\bin\java.exe
0x00007ffbeefb0000 - 0x00007ffbef1a5000 	C:\Windows\SYSTEM32\ntdll.dll
0x00007ffbedbb0000 - 0x00007ffbedc6e000 	C:\Windows\System32\KERNEL32.DLL
0x00007ffbecad0000 - 0x00007ffbecd98000 	C:\Windows\System32\KERNELBASE.dll
0x00007ffbea010000 - 0x00007ffbea0a0000 	C:\Windows\SYSTEM32\apphelp.dll
0x00007ffbeddd0000 - 0x00007ffbede7c000 	C:\Windows\System32\ADVAPI32.dll
0x00007ffbeda40000 - 0x00007ffbedade000 	C:\Windows\System32\msvcrt.dll
0x00007ffbeeeb0000 - 0x00007ffbeef4b000 	C:\Windows\System32\sechost.dll
0x00007ffbedf60000 - 0x00007ffbee08a000 	C:\Windows\System32\RPCRT4.dll
0x00007ffbed000000 - 0x00007ffbed1a1000 	C:\Windows\System32\USER32.dll
0x00007ffbec940000 - 0x00007ffbec962000 	C:\Windows\System32\win32u.dll
0x00007ffbedda0000 - 0x00007ffbeddcb000 	C:\Windows\System32\GDI32.dll
0x00007ffbecda0000 - 0x00007ffbeceab000 	C:\Windows\System32\gdi32full.dll
0x00007ffbeca00000 - 0x00007ffbeca9d000 	C:\Windows\System32\msvcp_win.dll
0x00007ffbecf00000 - 0x00007ffbed000000 	C:\Windows\System32\ucrtbase.dll
0x00007ffbd6a20000 - 0x00007ffbd6cba000 	C:\Windows\WinSxS\amd64_microsoft.windows.common-controls_6595b64144ccf1df_6.0.19041.1110_none_60b5254171f9507e\COMCTL32.dll
0x00007ffbe4460000 - 0x00007ffbe446a000 	C:\Windows\SYSTEM32\VERSION.dll
0x00007ffbedaf0000 - 0x00007ffbedb20000 	C:\Windows\System32\IMM32.DLL
0x00007ffbda990000 - 0x00007ffbda9a6000 	C:\Program Files\Java\jdk-11.0.2\bin\vcruntime140.dll
0x00007ffbb2290000 - 0x00007ffbb233a000 	C:\Program Files\Java\jdk-11.0.2\bin\msvcp140.dll
0x00007ffba8aa0000 - 0x00007ffba95c7000 	C:\Program Files\Java\jdk-11.0.2\bin\server\jvm.dll
0x00007ffbedae0000 - 0x00007ffbedae8000 	C:\Windows\System32\PSAPI.DLL
0x00007ffbe4200000 - 0x00007ffbe4209000 	C:\Windows\SYSTEM32\WSOCK32.dll
0x00007ffbed550000 - 0x00007ffbed5bb000 	C:\Windows\System32\WS2_32.dll
0x00007ffbe4430000 - 0x00007ffbe4457000 	C:\Windows\SYSTEM32\WINMM.dll
0x00007ffbea5f0000 - 0x00007ffbea602000 	C:\Windows\SYSTEM32\kernel.appcore.dll
0x00007ffbd7f10000 - 0x00007ffbd7f21000 	C:\Program Files\Java\jdk-11.0.2\bin\verify.dll
0x00007ffbe52f0000 - 0x00007ffbe54d4000 	C:\Windows\SYSTEM32\DBGHELP.DLL
0x00007ffbdb490000 - 0x00007ffbdb4bc000 	C:\Windows\SYSTEM32\dbgcore.DLL
0x00007ffbec970000 - 0x00007ffbec9f3000 	C:\Windows\System32\bcryptPrimitives.dll
0x00007ffbd7c50000 - 0x00007ffbd7c79000 	C:\Program Files\Java\jdk-11.0.2\bin\java.dll
0x00007ffbd75e0000 - 0x00007ffbd75f6000 	C:\Program Files\Java\jdk-11.0.2\bin\zip.dll
0x00007ffbe1fc0000 - 0x00007ffbe1fca000 	C:\Program Files\Java\jdk-11.0.2\bin\jimage.dll
0x00007ffbee5d0000 - 0x00007ffbeed0f000 	C:\Windows\System32\SHELL32.dll
0x00007ffbea7f0000 - 0x00007ffbeaf80000 	C:\Windows\SYSTEM32\windows.storage.dll
0x00007ffbee210000 - 0x00007ffbee565000 	C:\Windows\System32\combase.dll
0x00007ffbec050000 - 0x00007ffbec07e000 	C:\Windows\SYSTEM32\Wldp.dll
0x00007ffbeeda0000 - 0x00007ffbeee4d000 	C:\Windows\System32\SHCORE.dll
0x00007ffbee570000 - 0x00007ffbee5c5000 	C:\Windows\System32\shlwapi.dll
0x00007ffbec610000 - 0x00007ffbec62f000 	C:\Windows\SYSTEM32\profapi.dll
0x00007ffbccf10000 - 0x00007ffbccf29000 	C:\Program Files\Java\jdk-11.0.2\bin\net.dll
0x00007ffbe1fe0000 - 0x00007ffbe20ec000 	C:\Windows\SYSTEM32\WINHTTP.dll
0x00007ffbe2b90000 - 0x00007ffbe2d7b000 	C:\Windows\SYSTEM32\urlmon.dll
0x00007ffbe2f20000 - 0x00007ffbe31d0000 	C:\Windows\SYSTEM32\iertutil.dll
0x00007ffbe2b30000 - 0x00007ffbe2b58000 	C:\Windows\SYSTEM32\srvcli.dll
0x00007ffbebbb0000 - 0x00007ffbebbbc000 	C:\Windows\SYSTEM32\netutils.dll
0x00007ffbebdb0000 - 0x00007ffbebe1a000 	C:\Windows\system32\mswsock.dll
0x00007ffbcc3c0000 - 0x00007ffbcc3d3000 	C:\Program Files\Java\jdk-11.0.2\bin\nio.dll

dbghelp: loaded successfully - version: 4.0.5 - missing functions: none
symbol engine: initialized successfully - sym options: 0x614 - pdb path: .;C:\Program Files\Java\jdk-11.0.2\bin;C:\Windows\SYSTEM32;C:\Windows\WinSxS\amd64_microsoft.windows.common-controls_6595b64144ccf1df_6.0.19041.1110_none_60b5254171f9507e;C:\Program Files\Java\jdk-11.0.2\bin\server

VM Arguments:
jvm_args: --add-modules=ALL-SYSTEM --add-opens=java.base/java.util=ALL-UNNAMED --add-opens=java.base/java.lang=ALL-UNNAMED -Declipse.application=org.eclipse.jdt.ls.core.id1 -Dosgi.bundles.defaultStartLevel=4 -Declipse.product=org.eclipse.jdt.ls.core.product -Djava.import.generatesMetadataFilesAtProjectRoot=false -Dfile.encoding=utf8 -DwatchParentProcess=false -XX:+UseParallelGC -XX:GCTimeRatio=4 -XX:AdaptiveSizePolicyWeight=90 -Dsun.zip.disableMemoryMapping=true -Xmx1G -Xms100m -XX:+HeapDumpOnOutOfMemoryError -XX:HeapDumpPath=c:\Users\Pc\AppData\Roaming\Code\User\workspaceStorage\71339ea470635b0bf8dc73e1feefa39c\redhat.java -Xverify:none 
java_command: c:\Users\Pc\.vscode\extensions\redhat.java-1.1.0\server\plugins\org.eclipse.equinox.launcher_1.6.400.v20210924-0641.jar -configuration c:\Users\Pc\AppData\Roaming\Code\User\globalStorage\redhat.java\1.1.0\config_win -data c:\Users\Pc\AppData\Roaming\Code\User\workspaceStorage\71339ea470635b0bf8dc73e1feefa39c\redhat.java\jdt_ws
java_class_path (initial): c:\Users\Pc\.vscode\extensions\redhat.java-1.1.0\server\plugins\org.eclipse.equinox.launcher_1.6.400.v20210924-0641.jar
Launcher Type: SUN_STANDARD

[Global flags]
    uintx AdaptiveSizePolicyWeight                 = 90                                        {product} {command line}
     bool BytecodeVerificationLocal                = false                                     {product} {command line}
     bool BytecodeVerificationRemote               = false                                     {product} {command line}
     intx CICompilerCount                          = 2                                         {product} {ergonomic}
    uintx GCTimeRatio                              = 4                                         {product} {command line}
     bool HeapDumpOnOutOfMemoryError               = true                                   {manageable} {command line}
    ccstr HeapDumpPath                             = c:\Users\Pc\AppData\Roaming\Code\User\workspaceStorage\71339ea470635b0bf8dc73e1feefa39c\redhat.java         {manageable} {command line}
   size_t InitialHeapSize                          = 104857600                                 {product} {command line}
   size_t MaxHeapSize                              = 1073741824                                {product} {command line}
   size_t MaxNewSize                               = 357564416                                 {product} {ergonomic}
   size_t MinHeapDeltaBytes                        = 524288                                    {product} {ergonomic}
   size_t NewSize                                  = 34603008                                  {product} {ergonomic}
    uintx NonNMethodCodeHeapSize                   = 5824844                                {pd product} {ergonomic}
    uintx NonProfiledCodeHeapSize                  = 122916698                              {pd product} {ergonomic}
   size_t OldSize                                  = 70254592                                  {product} {ergonomic}
    uintx ProfiledCodeHeapSize                     = 122916698                              {pd product} {ergonomic}
    uintx ReservedCodeCacheSize                    = 251658240                              {pd product} {ergonomic}
     bool SegmentedCodeCache                       = true                                      {product} {ergonomic}
     bool UseCompressedClassPointers               = true                                 {lp64_product} {ergonomic}
     bool UseCompressedOops                        = true                                 {lp64_product} {ergonomic}
     bool UseLargePagesIndividualAllocation        = false                                  {pd product} {ergonomic}
     bool UseParallelGC                            = true                                      {product} {command line}

Logging:
Log output configuration:
 #0: stdout all=warning uptime,level,tags
 #1: stderr all=off uptime,level,tags

Environment Variables:
PATH=C:\Windows\system32;C:\Windows;C:\Windows\System32\Wbem;C:\Windows\System32\WindowsPowerShell\v1.0\;C:\Windows\System32\OpenSSH\;C:\Users\Pc\AppData\Local\Microsoft\WindowsApps;;C:\Users\Pc\AppData\Local\Programs\Microsoft VS Code\bin
USERNAME=Pc
OS=Windows_NT
PROCESSOR_IDENTIFIER=AMD64 Family 16 Model 6 Stepping 2, AuthenticAMD



---------------  S Y S T E M  ---------------

OS: Windows 10 , 64 bit Build 19041 (10.0.19041.1348)

CPU:total 2 (initial active 2) (2 cores per cpu, 1 threads per core) family 16 model 6 stepping 2, cmov, cx8, fxsr, mmx, sse, sse2, sse3, popcnt, mmxext, 3dnowpref, lzcnt, sse4a, tsc, tscinvbit, tscinv

Memory: 4k page, system-wide physical 8190M (2201M free)
TotalPageFile size 22427M (AvailPageFile size 5M)
current process WorkingSet (physical memory assigned to process): 50M, peak: 50M
current process commit charge ("private bytes"): 176M, peak: 177M

vm_info: Java HotSpot(TM) 64-Bit Server VM (11.0.2+9-LTS) for windows-amd64 JRE (11.0.2+9-LTS), built on Jan 18 2019 05:24:10 by "mach5one" with MS VC++ 15.5 (VS2017)

END.
