#
# There is insufficient memory for the Java Runtime Environment to continue.
# Native memory allocation (malloc) failed to allocate 1648656 bytes for Chunk::new
# Possible reasons:
#   The system is out of physical RAM or swap space
#   The process is running with CompressedOops enabled, and the Java Heap may be blocking the growth of the native heap
# Possible solutions:
#   Reduce memory load on the system
#   Increase physical memory or swap space
#   Check if swap backing store is full
#   Decrease Java heap size (-Xmx/-Xms)
#   Decrease number of Java threads
#   Decrease Java thread stack sizes (-Xss)
#   Set larger code cache with -XX:ReservedCodeCacheSize=
#   JVM is running with Unscaled Compressed Oops mode in which the Java heap is
#     placed in the first 4GB address space. The Java Heap base address is the
#     maximum limit for the native heap growth. Please use -XX:HeapBaseMinAddress
#     to set the Java Heap base and to place the Java Heap above 4GB virtual address.
# This output file may be truncated or incomplete.
#
#  Out of Memory Error (t:/workspace/open/src/hotspot/share/memory/arena.cpp:197), pid=11676, tid=11716
#
# JRE version: Java(TM) SE Runtime Environment (11.0.2+9) (build 11.0.2+9-LTS)
# Java VM: Java HotSpot(TM) 64-Bit Server VM (11.0.2+9-LTS, mixed mode, tiered, compressed oops, parallel gc, windows-amd64)
# No core dump will be written. Minidumps are not enabled by default on client versions of Windows
#

---------------  S U M M A R Y ------------

Command Line: --add-modules=ALL-SYSTEM --add-opens=java.base/java.util=ALL-UNNAMED --add-opens=java.base/java.lang=ALL-UNNAMED -Declipse.application=org.eclipse.jdt.ls.core.id1 -Dosgi.bundles.defaultStartLevel=4 -Declipse.product=org.eclipse.jdt.ls.core.product -Djava.import.generatesMetadataFilesAtProjectRoot=false -Dfile.encoding=utf8 -DwatchParentProcess=false -XX:+UseParallelGC -XX:GCTimeRatio=4 -XX:AdaptiveSizePolicyWeight=90 -Dsun.zip.disableMemoryMapping=true -Xmx1G -Xms100m -XX:+HeapDumpOnOutOfMemoryError -XX:HeapDumpPath=c:\Users\Pc\AppData\Roaming\Code\User\workspaceStorage\71339ea470635b0bf8dc73e1feefa39c\redhat.java -Xverify:none c:\Users\Pc\.vscode\extensions\redhat.java-1.1.0\server\plugins\org.eclipse.equinox.launcher_1.6.400.v20210924-0641.jar -configuration c:\Users\Pc\AppData\Roaming\Code\User\globalStorage\redhat.java\1.1.0\config_win -data c:\Users\Pc\AppData\Roaming\Code\User\workspaceStorage\71339ea470635b0bf8dc73e1feefa39c\redhat.java\jdt_ws

Host: AMD Athlon(tm) II X2 250 Processor, 2 cores, 7G,  Windows 10 , 64 bit Build 19041 (10.0.19041.1348)
Time: Thu Dec  2 23:51:59 2021 Hora estándar de Argentina elapsed time: 3 seconds (0d 0h 0m 3s)

---------------  T H R E A D  ---------------

Current thread (0x0000017b37f24800):  JavaThread "C2 CompilerThread0" daemon [_thread_in_native, id=11716, stack(0x00000009f4400000,0x00000009f4500000)]


Current CompileTask:
C2:   3532 1765       4       org.apache.felix.resolver.ResolverImpl::mergeUses (495 bytes)

Stack: [0x00000009f4400000,0x00000009f4500000]
Native frames: (J=compiled Java code, j=interpreted, Vv=VM code, C=native code)
V  [jvm.dll+0x63574a]
V  [jvm.dll+0x77326f]
V  [jvm.dll+0x77491a]
V  [jvm.dll+0x774fd3]
V  [jvm.dll+0x25e418]
V  [jvm.dll+0xc2141]
V  [jvm.dll+0xc26dc]
V  [jvm.dll+0x36d7b7]
V  [jvm.dll+0x1a945f]
V  [jvm.dll+0x218352]
V  [jvm.dll+0x2173ea]
V  [jvm.dll+0x194200]
V  [jvm.dll+0x2263af]
V  [jvm.dll+0x2249b8]
V  [jvm.dll+0x738a9d]
V  [jvm.dll+0x6347f2]
C  [ucrtbase.dll+0x21bb2]
C  [KERNEL32.DLL+0x17034]
C  [ntdll.dll+0x52651]


---------------  P R O C E S S  ---------------

Threads class SMR info:
_java_thread_list=0x0000017b3a51a760, length=18, elements={
0x0000017b1dae4000, 0x0000017b37eb0000, 0x0000017b37eba000, 0x0000017b37f1e800,
0x0000017b37f21800, 0x0000017b37f24800, 0x0000017b37f27000, 0x0000017b37ed8000,
0x0000017b38b4d000, 0x0000017b38c46000, 0x0000017b3921b800, 0x0000017b3921c000,
0x0000017b39370000, 0x0000017b3913d000, 0x0000017b3913e000, 0x0000017b399fd000,
0x0000017b3a1d7800, 0x0000017b3a389800
}

Java Threads: ( => current thread )
  0x0000017b1dae4000 JavaThread "main" [_thread_blocked, id=8400, stack(0x00000009f3d00000,0x00000009f3e00000)]
  0x0000017b37eb0000 JavaThread "Reference Handler" daemon [_thread_blocked, id=13792, stack(0x00000009f4000000,0x00000009f4100000)]
  0x0000017b37eba000 JavaThread "Finalizer" daemon [_thread_blocked, id=11684, stack(0x00000009f4100000,0x00000009f4200000)]
  0x0000017b37f1e800 JavaThread "Signal Dispatcher" daemon [_thread_blocked, id=10324, stack(0x00000009f4200000,0x00000009f4300000)]
  0x0000017b37f21800 JavaThread "Attach Listener" daemon [_thread_blocked, id=13608, stack(0x00000009f4300000,0x00000009f4400000)]
=>0x0000017b37f24800 JavaThread "C2 CompilerThread0" daemon [_thread_in_native, id=11716, stack(0x00000009f4400000,0x00000009f4500000)]
  0x0000017b37f27000 JavaThread "C1 CompilerThread0" daemon [_thread_blocked, id=4724, stack(0x00000009f4500000,0x00000009f4600000)]
  0x0000017b37ed8000 JavaThread "Sweeper thread" daemon [_thread_blocked, id=8228, stack(0x00000009f4600000,0x00000009f4700000)]
  0x0000017b38b4d000 JavaThread "Common-Cleaner" daemon [_thread_blocked, id=14416, stack(0x00000009f4700000,0x00000009f4800000)]
  0x0000017b38c46000 JavaThread "Service Thread" daemon [_thread_blocked, id=400, stack(0x00000009f4800000,0x00000009f4900000)]
  0x0000017b3921b800 JavaThread "Equinox resolver thread - Equinox Container: 91f024ba-940c-465f-afda-ddecb3f88024" daemon [_thread_blocked, id=3140, stack(0x00000009f4a00000,0x00000009f4b00000)]
  0x0000017b3921c000 JavaThread "Equinox resolver thread - Equinox Container: 91f024ba-940c-465f-afda-ddecb3f88024" daemon [_thread_blocked, id=5528, stack(0x00000009f4b00000,0x00000009f4c00000)]
  0x0000017b39370000 JavaThread "Active Thread: Equinox Container: 91f024ba-940c-465f-afda-ddecb3f88024" [_thread_blocked, id=8364, stack(0x00000009f4c00000,0x00000009f4d00000)]
  0x0000017b3913d000 JavaThread "Framework Event Dispatcher: Equinox Container: 91f024ba-940c-465f-afda-ddecb3f88024" daemon [_thread_blocked, id=14640, stack(0x00000009f4d00000,0x00000009f4e00000)]
  0x0000017b3913e000 JavaThread "Start Level: Equinox Container: 91f024ba-940c-465f-afda-ddecb3f88024" daemon [_thread_in_native, id=11724, stack(0x00000009f4e00000,0x00000009f4f00000)]
  0x0000017b399fd000 JavaThread "Refresh Thread: Equinox Container: 91f024ba-940c-465f-afda-ddecb3f88024" daemon [_thread_blocked, id=15184, stack(0x00000009f5000000,0x00000009f5100000)]
  0x0000017b3a1d7800 JavaThread "SCR Component Actor" daemon [_thread_blocked, id=2936, stack(0x00000009f5100000,0x00000009f5200000)]
  0x0000017b3a389800 JavaThread "Timer-0" daemon [_thread_blocked, id=15480, stack(0x00000009f5200000,0x00000009f5300000)]

Other Threads:
  0x0000017b37e2a800 VMThread "VM Thread" [stack: 0x00000009f3f00000,0x00000009f4000000] [id=14056]
  0x0000017b38c76800 WatcherThread [stack: 0x00000009f4900000,0x00000009f4a00000] [id=13204]
  0x0000017b1dafa000 GCTaskThread "ParGC Thread#0" [stack: 0x00000009f3e00000,0x00000009f3f00000] [id=13356]
  0x0000017b3912d000 GCTaskThread "ParGC Thread#1" [stack: 0x00000009f4f00000,0x00000009f5000000] [id=13808]

Threads with active compile tasks:
C2 CompilerThread01765       4       org.apache.felix.resolver.ResolverImpl::mergeUses (495 bytes)

VM state:not at safepoint (normal execution)

VM Mutex/Monitor currently owned by a thread: None

Heap address: 0x00000000c0000000, size: 1024 MB, Compressed Oops mode: 32-bit
Narrow klass base: 0x0000000000000000, Narrow klass shift: 3
Compressed class space size: 1073741824 Address: 0x0000000100000000

Heap:
 PSYoungGen      total 29696K, used 23805K [0x00000000eab00000, 0x00000000ecc00000, 0x0000000100000000)
  eden space 25600K, 77% used [0x00000000eab00000,0x00000000ebe44fd8,0x00000000ec400000)
  from space 4096K, 99% used [0x00000000ec800000,0x00000000ecbfa4e8,0x00000000ecc00000)
  to   space 4096K, 0% used [0x00000000ec400000,0x00000000ec400000,0x00000000ec800000)
 ParOldGen       total 68608K, used 5058K [0x00000000c0000000, 0x00000000c4300000, 0x00000000eab00000)
  object space 68608K, 7% used [0x00000000c0000000,0x00000000c04f09b0,0x00000000c4300000)
 Metaspace       used 18698K, capacity 19545K, committed 19712K, reserved 1067008K
  class space    used 1749K, capacity 2038K, committed 2048K, reserved 1048576K

Card table byte_map: [0x0000017b35000000,0x0000017b35210000] _byte_map_base: 0x0000017b34a00000

Marking Bits: (ParMarkBitMap*) 0x00007ffba950dc00
 Begin Bits: [0x0000017b35370000, 0x0000017b36370000)
 End Bits:   [0x0000017b36370000, 0x0000017b37370000)

Polling page: 0x0000017b1c460000

Metaspace:

Usage:
  Non-class:     17.10 MB capacity,    16.55 MB ( 97%) used,   517.34 KB (  3%) free+waste,    40.63 KB ( <1%) overhead. 
      Class:      1.99 MB capacity,     1.71 MB ( 86%) used,   269.42 KB ( 13%) free+waste,    19.00 KB ( <1%) overhead. 
       Both:     19.09 MB capacity,    18.26 MB ( 96%) used,   786.76 KB (  4%) free+waste,    59.63 KB ( <1%) overhead. 

Virtual space:
  Non-class space:       18.00 MB reserved,      17.25 MB ( 96%) committed 
      Class space:        1.00 GB reserved,       2.00 MB ( <1%) committed 
             Both:        1.02 GB reserved,      19.25 MB (  2%) committed 

Chunk freelists:
   Non-Class:  3.63 KB
       Class:  1.25 KB
        Both:  4.88 KB

CodeHeap 'non-profiled nmethods': size=120064Kb used=715Kb max_used=715Kb free=119348Kb
 bounds [0x0000017b2d8e0000, 0x0000017b2db50000, 0x0000017b34e20000]
CodeHeap 'profiled nmethods': size=120000Kb used=4799Kb max_used=4838Kb free=115200Kb
 bounds [0x0000017b263b0000, 0x0000017b26870000, 0x0000017b2d8e0000]
CodeHeap 'non-nmethods': size=5696Kb used=1099Kb max_used=1100Kb free=4596Kb
 bounds [0x0000017b25e20000, 0x0000017b26090000, 0x0000017b263b0000]
 total_blobs=3298 nmethods=2302 adapters=329
 compilation: enabled
              stopped_count=0, restarted_count=0
 full_count=0

Compilation events (10 events):
Event: 3.378 Thread 0x0000017b37f27000 2481   !   2       jdk.internal.reflect.ReflectionFactory::checkInitted (94 bytes)
Event: 3.378 Thread 0x0000017b37f27000 nmethod 2481 0x0000017b2650e990 code [0x0000017b2650ec00, 0x0000017b2650f190]
Event: 3.379 Thread 0x0000017b37f27000 2482       2       java.lang.reflect.ReflectAccess::getRoot (5 bytes)
Event: 3.379 Thread 0x0000017b37f27000 nmethod 2482 0x0000017b2649c310 code [0x0000017b2649c4c0, 0x0000017b2649c650]
Event: 3.380 Thread 0x0000017b37f27000 2483       2       java.lang.invoke.DirectMethodHandle::preparedLambdaForm (31 bytes)
Event: 3.381 Thread 0x0000017b37f27000 nmethod 2483 0x0000017b264ea190 code [0x0000017b264ea360, 0x0000017b264ea550]
Event: 3.382 Thread 0x0000017b37f27000 2484       2       sun.invoke.util.VerifyAccess::isTypeVisible (47 bytes)
Event: 3.382 Thread 0x0000017b37f27000 nmethod 2484 0x0000017b26513590 code [0x0000017b26513760, 0x0000017b26513a00]
Event: 3.386 Thread 0x0000017b37f27000 2486   !   2       org.eclipse.osgi.framework.eventmgr.ListenerQueue::dispatchEventSynchronous (81 bytes)
Event: 3.387 Thread 0x0000017b37f27000 nmethod 2486 0x0000017b26589390 code [0x0000017b265895c0, 0x0000017b26589b50]

GC Heap History (4 events):
Event: 1.520 GC heap before
{Heap before GC invocations=1 (full 0):
 PSYoungGen      total 29696K, used 25600K [0x00000000eab00000, 0x00000000ecc00000, 0x0000000100000000)
  eden space 25600K, 100% used [0x00000000eab00000,0x00000000ec400000,0x00000000ec400000)
  from space 4096K, 0% used [0x00000000ec800000,0x00000000ec800000,0x00000000ecc00000)
  to   space 4096K, 0% used [0x00000000ec400000,0x00000000ec400000,0x00000000ec800000)
 ParOldGen       total 68608K, used 0K [0x00000000c0000000, 0x00000000c4300000, 0x00000000eab00000)
  object space 68608K, 0% used [0x00000000c0000000,0x00000000c0000000,0x00000000c4300000)
 Metaspace       used 13405K, capacity 13666K, committed 13952K, reserved 1062912K
  class space    used 1237K, capacity 1326K, committed 1408K, reserved 1048576K
}
Event: 1.529 GC heap after
{Heap after GC invocations=1 (full 0):
 PSYoungGen      total 29696K, used 3226K [0x00000000eab00000, 0x00000000ecc00000, 0x0000000100000000)
  eden space 25600K, 0% used [0x00000000eab00000,0x00000000eab00000,0x00000000ec400000)
  from space 4096K, 78% used [0x00000000ec400000,0x00000000ec726ae8,0x00000000ec800000)
  to   space 4096K, 0% used [0x00000000ec800000,0x00000000ec800000,0x00000000ecc00000)
 ParOldGen       total 68608K, used 8K [0x00000000c0000000, 0x00000000c4300000, 0x00000000eab00000)
  object space 68608K, 0% used [0x00000000c0000000,0x00000000c0002000,0x00000000c4300000)
 Metaspace       used 13405K, capacity 13666K, committed 13952K, reserved 1062912K
  class space    used 1237K, capacity 1326K, committed 1408K, reserved 1048576K
}
Event: 2.157 GC heap before
{Heap before GC invocations=2 (full 0):
 PSYoungGen      total 29696K, used 28826K [0x00000000eab00000, 0x00000000ecc00000, 0x0000000100000000)
  eden space 25600K, 100% used [0x00000000eab00000,0x00000000ec400000,0x00000000ec400000)
  from space 4096K, 78% used [0x00000000ec400000,0x00000000ec726ae8,0x00000000ec800000)
  to   space 4096K, 0% used [0x00000000ec800000,0x00000000ec800000,0x00000000ecc00000)
 ParOldGen       total 68608K, used 8K [0x00000000c0000000, 0x00000000c4300000, 0x00000000eab00000)
  object space 68608K, 0% used [0x00000000c0000000,0x00000000c0002000,0x00000000c4300000)
 Metaspace       used 13933K, capacity 14263K, committed 14464K, reserved 1062912K
  class space    used 1273K, capacity 1373K, committed 1408K, reserved 1048576K
}
Event: 2.176 GC heap after
{Heap after GC invocations=2 (full 0):
 PSYoungGen      total 29696K, used 4073K [0x00000000eab00000, 0x00000000ecc00000, 0x0000000100000000)
  eden space 25600K, 0% used [0x00000000eab00000,0x00000000eab00000,0x00000000ec400000)
  from space 4096K, 99% used [0x00000000ec800000,0x00000000ecbfa4e8,0x00000000ecc00000)
  to   space 4096K, 0% used [0x00000000ec400000,0x00000000ec400000,0x00000000ec800000)
 ParOldGen       total 68608K, used 5058K [0x00000000c0000000, 0x00000000c4300000, 0x00000000eab00000)
  object space 68608K, 7% used [0x00000000c0000000,0x00000000c04f09b0,0x00000000c4300000)
 Metaspace       used 13933K, capacity 14263K, committed 14464K, reserved 1062912K
  class space    used 1273K, capacity 1373K, committed 1408K, reserved 1048576K
}

Deoptimization events (10 events):
Event: 1.998 Thread 0x0000017b399fd000 Uncommon trap: reason=class_check action=make_not_entrant pc=0x0000017b2d96b30c method=java.util.ArrayList.toArray([Ljava/lang/Object;)[Ljava/lang/Object; @ 21 c2
Event: 2.062 Thread 0x0000017b399fd000 Uncommon trap: reason=intrinsic_or_type_checked_inlining action=make_not_entrant pc=0x0000017b2d96ba1c method=java.util.ArrayList.toArray([Ljava/lang/Object;)[Ljava/lang/Object; @ 36 c2
Event: 2.064 Thread 0x0000017b399fd000 Uncommon trap: reason=unstable_if action=reinterpret pc=0x0000017b2d96a6f0 method=org.eclipse.osgi.internal.framework.FilterImpl$Parser.skipWhiteSpace()V @ 39 c2
Event: 2.214 Thread 0x0000017b399fd000 Uncommon trap: reason=unstable_if action=reinterpret pc=0x0000017b2d92dd6c method=java.util.concurrent.ConcurrentHashMap.get(Ljava/lang/Object;)Ljava/lang/Object; @ 86 c2
Event: 2.332 Thread 0x0000017b399fd000 Uncommon trap: reason=unstable_if action=reinterpret pc=0x0000017b2d9156a0 method=java.lang.ThreadLocal$ThreadLocalMap.getEntry(Ljava/lang/ThreadLocal;)Ljava/lang/ThreadLocal$ThreadLocalMap$Entry; @ 29 c2
Event: 2.712 Thread 0x0000017b3913e000 Uncommon trap: reason=unstable_if action=reinterpret pc=0x0000017b2d93ad30 method=java.io.WinNTFileSystem.normalize(Ljava/lang/String;II)Ljava/lang/String; @ 100 c2
Event: 3.291 Thread 0x0000017b3913e000 Uncommon trap: reason=class_check action=maybe_recompile pc=0x0000017b2d95f290 method=java.util.Collections$3.hasMoreElements()Z @ 4 c2
Event: 3.291 Thread 0x0000017b3913e000 Uncommon trap: reason=class_check action=maybe_recompile pc=0x0000017b2d95f290 method=java.util.Collections$3.hasMoreElements()Z @ 4 c2
Event: 3.291 Thread 0x0000017b3913e000 Uncommon trap: reason=class_check action=maybe_recompile pc=0x0000017b2d95f290 method=java.util.Collections$3.hasMoreElements()Z @ 4 c2
Event: 3.291 Thread 0x0000017b3913e000 Uncommon trap: reason=class_check action=maybe_recompile pc=0x0000017b2d95f290 method=java.util.Collections$3.hasMoreElements()Z @ 4 c2

Classes redefined (0 events):
No events

Internal exceptions (10 events):
Event: 1.289 Thread 0x0000017b1dae4000 Exception <a 'java/lang/NoSuchMethodError'{0x00000000ebea4a38}: java.lang.invoke.DirectMethodHandle$Holder.invokeSpecial(Ljava/lang/Object;Ljava/lang/Object;Ljava/lang/Object;Ljava/lang/Object;)V> (0x00000000ebea4a38) thrown at [t:/workspace/open/src/hots
Event: 1.292 Thread 0x0000017b1dae4000 Exception <a 'java/lang/NoSuchMethodError'{0x00000000ebeac368}: java.lang.invoke.DirectMethodHandle$Holder.invokeSpecial(Ljava/lang/Object;Ljava/lang/Object;Ljava/lang/Object;Ljava/lang/Object;)I> (0x00000000ebeac368) thrown at [t:/workspace/open/src/hots
Event: 1.360 Thread 0x0000017b1dae4000 Exception <a 'java/lang/NoSuchMethodError'{0x00000000ec09ef50}: java.lang.invoke.Invokers$Holder.linkToTargetMethod(Ljava/lang/Object;Ljava/lang/Object;Ljava/lang/Object;ILjava/lang/Object;Ljava/lang/Object;)Ljava/lang/Object;> (0x00000000ec09ef50) thrown
Event: 1.947 Thread 0x0000017b1dae4000 Exception <a 'java/lang/UnsatisfiedLinkError'{0x00000000ebe7a400}: org.eclipse.equinox.launcher.JNIBridge._update_splash()V> (0x00000000ebe7a400) thrown at [t:/workspace/open/src/hotspot/share/prims/nativeLookup.cpp, line 382]
Event: 2.398 Thread 0x0000017b3913e000 Exception <a 'java/lang/NoSuchMethodError'{0x00000000eb24b948}: java.lang.invoke.Invokers$Holder.linkToTargetMethod(Ljava/lang/Object;Ljava/lang/Object;Ljava/lang/Object;ILjava/lang/Object;)Ljava/lang/Object;> (0x00000000eb24b948) thrown at [t:/workspace/
Event: 2.556 Thread 0x0000017b3913e000 Exception <a 'java/lang/NoSuchMethodError'{0x00000000eb443328}: java.lang.invoke.DirectMethodHandle$Holder.invokeStatic(Ljava/lang/Object;Ljava/lang/Object;Ljava/lang/Object;Ljava/lang/Object;Ljava/lang/Object;Ljava/lang/Object;Ljava/lang/Object;Ljava/lan
Event: 2.560 Thread 0x0000017b3913e000 Exception <a 'java/lang/NoSuchMethodError'{0x00000000eb451628}: java.lang.invoke.DirectMethodHandle$Holder.invokeStatic(Ljava/lang/Object;Ljava/lang/Object;Ljava/lang/Object;Ljava/lang/Object;Ljava/lang/Object;Ljava/lang/Object;Ljava/lang/Object;Ljava/lan
Event: 2.561 Thread 0x0000017b3913e000 Exception <a 'java/lang/NoSuchMethodError'{0x00000000eb45f538}: java.lang.invoke.DirectMethodHandle$Holder.invokeSpecial(Ljava/lang/Object;Ljava/lang/Object;IILjava/lang/Object;Ljava/lang/Object;Ljava/lang/Object;)Ljava/lang/Object;> (0x00000000eb45f538) 
Event: 2.561 Thread 0x0000017b3913e000 Exception <a 'java/lang/NoSuchMethodError'{0x00000000eb462ac0}: java.lang.invoke.DelegatingMethodHandle$Holder.reinvoke_L(Ljava/lang/Object;IILjava/lang/Object;Ljava/lang/Object;Ljava/lang/Object;)Ljava/lang/Object;> (0x00000000eb462ac0) thrown at [t:/wor
Event: 3.206 Thread 0x0000017b3913e000 Exception <a 'java/io/FileNotFoundException'{0x00000000ebc46630}> (0x00000000ebc46630) thrown at [t:/workspace/open/src/hotspot/share/prims/jni.cpp, line 615]

Events (10 events):
Event: 3.392 loading class java/text/Format$Field done
Event: 3.392 loading class java/text/DateFormat$Field done
Event: 3.392 loading class java/util/Locale$Category
Event: 3.392 loading class java/util/Locale$Category done
Event: 3.392 loading class java/util/Locale$1
Event: 3.393 loading class java/util/Locale$1 done
Event: 3.393 loading class java/util/Calendar
Event: 3.393 loading class java/util/Calendar done
Event: 3.393 loading class java/util/TimeZone
Event: 3.393 loading class java/util/TimeZone done


Dynamic libraries:
0x00007ff7a5a00000 - 0x00007ff7a5a47000 	C:\Program Files\Java\jdk-11.0.2\bin\java.exe
0x00007ffbeefb0000 - 0x00007ffbef1a5000 	C:\Windows\SYSTEM32\ntdll.dll
0x00007ffbedbb0000 - 0x00007ffbedc6e000 	C:\Windows\System32\KERNEL32.DLL
0x00007ffbecad0000 - 0x00007ffbecd98000 	C:\Windows\System32\KERNELBASE.dll
0x00007ffbeddd0000 - 0x00007ffbede7c000 	C:\Windows\System32\ADVAPI32.dll
0x00007ffbeda40000 - 0x00007ffbedade000 	C:\Windows\System32\msvcrt.dll
0x00007ffbeeeb0000 - 0x00007ffbeef4b000 	C:\Windows\System32\sechost.dll
0x00007ffbedf60000 - 0x00007ffbee08a000 	C:\Windows\System32\RPCRT4.dll
0x00007ffbed000000 - 0x00007ffbed1a1000 	C:\Windows\System32\USER32.dll
0x00007ffbec940000 - 0x00007ffbec962000 	C:\Windows\System32\win32u.dll
0x00007ffbedda0000 - 0x00007ffbeddcb000 	C:\Windows\System32\GDI32.dll
0x00007ffbecda0000 - 0x00007ffbeceab000 	C:\Windows\System32\gdi32full.dll
0x00007ffbeca00000 - 0x00007ffbeca9d000 	C:\Windows\System32\msvcp_win.dll
0x00007ffbecf00000 - 0x00007ffbed000000 	C:\Windows\System32\ucrtbase.dll
0x00007ffbd6a20000 - 0x00007ffbd6cba000 	C:\Windows\WinSxS\amd64_microsoft.windows.common-controls_6595b64144ccf1df_6.0.19041.1110_none_60b5254171f9507e\COMCTL32.dll
0x00007ffbe4460000 - 0x00007ffbe446a000 	C:\Windows\SYSTEM32\VERSION.dll
0x00007ffbedaf0000 - 0x00007ffbedb20000 	C:\Windows\System32\IMM32.DLL
0x00007ffbda990000 - 0x00007ffbda9a6000 	C:\Program Files\Java\jdk-11.0.2\bin\vcruntime140.dll
0x00007ffbb4fc0000 - 0x00007ffbb506a000 	C:\Program Files\Java\jdk-11.0.2\bin\msvcp140.dll
0x00007ffba8aa0000 - 0x00007ffba95c7000 	C:\Program Files\Java\jdk-11.0.2\bin\server\jvm.dll
0x00007ffbedae0000 - 0x00007ffbedae8000 	C:\Windows\System32\PSAPI.DLL
0x00007ffbe1fc0000 - 0x00007ffbe1fc9000 	C:\Windows\SYSTEM32\WSOCK32.dll
0x00007ffbe4430000 - 0x00007ffbe4457000 	C:\Windows\SYSTEM32\WINMM.dll
0x00007ffbed550000 - 0x00007ffbed5bb000 	C:\Windows\System32\WS2_32.dll
0x00007ffbea5f0000 - 0x00007ffbea602000 	C:\Windows\SYSTEM32\kernel.appcore.dll
0x00007ffbd7f10000 - 0x00007ffbd7f21000 	C:\Program Files\Java\jdk-11.0.2\bin\verify.dll
0x00007ffbe52f0000 - 0x00007ffbe54d4000 	C:\Windows\SYSTEM32\DBGHELP.DLL
0x00007ffbdb490000 - 0x00007ffbdb4bc000 	C:\Windows\SYSTEM32\dbgcore.DLL
0x00007ffbec970000 - 0x00007ffbec9f3000 	C:\Windows\System32\bcryptPrimitives.dll
0x00007ffbd7c50000 - 0x00007ffbd7c79000 	C:\Program Files\Java\jdk-11.0.2\bin\java.dll
0x00007ffbccf10000 - 0x00007ffbccf26000 	C:\Program Files\Java\jdk-11.0.2\bin\zip.dll
0x00007ffbdb4c0000 - 0x00007ffbdb4ca000 	C:\Program Files\Java\jdk-11.0.2\bin\jimage.dll
0x00007ffbee5d0000 - 0x00007ffbeed0f000 	C:\Windows\System32\SHELL32.dll
0x00007ffbea7f0000 - 0x00007ffbeaf80000 	C:\Windows\SYSTEM32\windows.storage.dll
0x00007ffbee210000 - 0x00007ffbee565000 	C:\Windows\System32\combase.dll
0x00007ffbec050000 - 0x00007ffbec07e000 	C:\Windows\SYSTEM32\Wldp.dll
0x00007ffbeeda0000 - 0x00007ffbeee4d000 	C:\Windows\System32\SHCORE.dll
0x00007ffbee570000 - 0x00007ffbee5c5000 	C:\Windows\System32\shlwapi.dll
0x00007ffbec610000 - 0x00007ffbec62f000 	C:\Windows\SYSTEM32\profapi.dll
0x00007ffbcc3c0000 - 0x00007ffbcc3d9000 	C:\Program Files\Java\jdk-11.0.2\bin\net.dll
0x00007ffbe1fe0000 - 0x00007ffbe20ec000 	C:\Windows\SYSTEM32\WINHTTP.dll
0x00007ffbe2b90000 - 0x00007ffbe2d7b000 	C:\Windows\SYSTEM32\urlmon.dll
0x00007ffbe2f20000 - 0x00007ffbe31d0000 	C:\Windows\SYSTEM32\iertutil.dll
0x00007ffbe2b30000 - 0x00007ffbe2b58000 	C:\Windows\SYSTEM32\srvcli.dll
0x00007ffbebbb0000 - 0x00007ffbebbbc000 	C:\Windows\SYSTEM32\netutils.dll
0x00007ffbebdb0000 - 0x00007ffbebe1a000 	C:\Windows\system32\mswsock.dll
0x00007ffbc7960000 - 0x00007ffbc7973000 	C:\Program Files\Java\jdk-11.0.2\bin\nio.dll
0x00007ffbebfa0000 - 0x00007ffbebfb8000 	C:\Windows\SYSTEM32\CRYPTSP.dll
0x00007ffbeb730000 - 0x00007ffbeb764000 	C:\Windows\system32\rsaenh.dll
0x00007ffbecaa0000 - 0x00007ffbecac7000 	C:\Windows\System32\bcrypt.dll
0x00007ffbec5d0000 - 0x00007ffbec5fe000 	C:\Windows\SYSTEM32\USERENV.dll
0x00007ffbebfc0000 - 0x00007ffbebfcc000 	C:\Windows\SYSTEM32\CRYPTBASE.dll
0x00007ffbebaa0000 - 0x00007ffbebadb000 	C:\Windows\SYSTEM32\IPHLPAPI.DLL
0x00007ffbeed10000 - 0x00007ffbeed18000 	C:\Windows\System32\NSI.dll
0x00007ffbe5220000 - 0x00007ffbe5237000 	C:\Windows\SYSTEM32\dhcpcsvc6.DLL
0x00007ffbe5200000 - 0x00007ffbe521d000 	C:\Windows\SYSTEM32\dhcpcsvc.DLL
0x00007ffbebae0000 - 0x00007ffbebbab000 	C:\Windows\SYSTEM32\DNSAPI.dll
0x00007ffbc6830000 - 0x00007ffbc686e000 	C:\Users\Pc\AppData\Roaming\Code\User\globalStorage\redhat.java\1.1.0\config_win\org.eclipse.equinox.launcher\org.eclipse.equinox.launcher.win32.win32.x86_64_1.2.400.v20211116-1129\eclipse_11601.dll
0x00007ffbed1b0000 - 0x00007ffbed2da000 	C:\Windows\System32\ole32.dll

dbghelp: loaded successfully - version: 4.0.5 - missing functions: none
symbol engine: initialized successfully - sym options: 0x614 - pdb path: .;C:\Program Files\Java\jdk-11.0.2\bin;C:\Windows\SYSTEM32;C:\Windows\WinSxS\amd64_microsoft.windows.common-controls_6595b64144ccf1df_6.0.19041.1110_none_60b5254171f9507e;C:\Program Files\Java\jdk-11.0.2\bin\server;C:\Users\Pc\AppData\Roaming\Code\User\globalStorage\redhat.java\1.1.0\config_win\org.eclipse.equinox.launcher\org.eclipse.equinox.launcher.win32.win32.x86_64_1.2.400.v20211116-1129

VM Arguments:
jvm_args: --add-modules=ALL-SYSTEM --add-opens=java.base/java.util=ALL-UNNAMED --add-opens=java.base/java.lang=ALL-UNNAMED -Declipse.application=org.eclipse.jdt.ls.core.id1 -Dosgi.bundles.defaultStartLevel=4 -Declipse.product=org.eclipse.jdt.ls.core.product -Djava.import.generatesMetadataFilesAtProjectRoot=false -Dfile.encoding=utf8 -DwatchParentProcess=false -XX:+UseParallelGC -XX:GCTimeRatio=4 -XX:AdaptiveSizePolicyWeight=90 -Dsun.zip.disableMemoryMapping=true -Xmx1G -Xms100m -XX:+HeapDumpOnOutOfMemoryError -XX:HeapDumpPath=c:\Users\Pc\AppData\Roaming\Code\User\workspaceStorage\71339ea470635b0bf8dc73e1feefa39c\redhat.java -Xverify:none 
java_command: c:\Users\Pc\.vscode\extensions\redhat.java-1.1.0\server\plugins\org.eclipse.equinox.launcher_1.6.400.v20210924-0641.jar -configuration c:\Users\Pc\AppData\Roaming\Code\User\globalStorage\redhat.java\1.1.0\config_win -data c:\Users\Pc\AppData\Roaming\Code\User\workspaceStorage\71339ea470635b0bf8dc73e1feefa39c\redhat.java\jdt_ws
java_class_path (initial): c:\Users\Pc\.vscode\extensions\redhat.java-1.1.0\server\plugins\org.eclipse.equinox.launcher_1.6.400.v20210924-0641.jar
Launcher Type: SUN_STANDARD

[Global flags]
    uintx AdaptiveSizePolicyWeight                 = 90                                        {product} {command line}
     bool BytecodeVerificationLocal                = false                                     {product} {command line}
     bool BytecodeVerificationRemote               = false                                     {product} {command line}
     intx CICompilerCount                          = 2                                         {product} {ergonomic}
    uintx GCTimeRatio                              = 4                                         {product} {command line}
     bool HeapDumpOnOutOfMemoryError               = true                                   {manageable} {command line}
    ccstr HeapDumpPath                             = c:\Users\Pc\AppData\Roaming\Code\User\workspaceStorage\71339ea470635b0bf8dc73e1feefa39c\redhat.java         {manageable} {command line}
   size_t InitialHeapSize                          = 104857600                                 {product} {command line}
   size_t MaxHeapSize                              = 1073741824                                {product} {command line}
   size_t MaxNewSize                               = 357564416                                 {product} {ergonomic}
   size_t MinHeapDeltaBytes                        = 524288                                    {product} {ergonomic}
   size_t NewSize                                  = 34603008                                  {product} {ergonomic}
    uintx NonNMethodCodeHeapSize                   = 5824844                                {pd product} {ergonomic}
    uintx NonProfiledCodeHeapSize                  = 122916698                              {pd product} {ergonomic}
   size_t OldSize                                  = 70254592                                  {product} {ergonomic}
    uintx ProfiledCodeHeapSize                     = 122916698                              {pd product} {ergonomic}
    uintx ReservedCodeCacheSize                    = 251658240                              {pd product} {ergonomic}
     bool SegmentedCodeCache                       = true                                      {product} {ergonomic}
     bool UseCompressedClassPointers               = true                                 {lp64_product} {ergonomic}
     bool UseCompressedOops                        = true                                 {lp64_product} {ergonomic}
     bool UseLargePagesIndividualAllocation        = false                                  {pd product} {ergonomic}
     bool UseParallelGC                            = true                                      {product} {command line}

Logging:
Log output configuration:
 #0: stdout all=warning uptime,level,tags
 #1: stderr all=off uptime,level,tags

Environment Variables:
PATH=C:\Windows\system32;C:\Windows;C:\Windows\System32\Wbem;C:\Windows\System32\WindowsPowerShell\v1.0\;C:\Windows\System32\OpenSSH\;C:\Users\Pc\AppData\Local\Microsoft\WindowsApps;;C:\Users\Pc\AppData\Local\Programs\Microsoft VS Code\bin
USERNAME=Pc
OS=Windows_NT
PROCESSOR_IDENTIFIER=AMD64 Family 16 Model 6 Stepping 2, AuthenticAMD



---------------  S Y S T E M  ---------------

OS: Windows 10 , 64 bit Build 19041 (10.0.19041.1348)

CPU:total 2 (initial active 2) (2 cores per cpu, 1 threads per core) family 16 model 6 stepping 2, cmov, cx8, fxsr, mmx, sse, sse2, sse3, popcnt, mmxext, 3dnowpref, lzcnt, sse4a, tsc, tscinvbit, tscinv

Memory: 4k page, system-wide physical 8190M (2297M free)
TotalPageFile size 22427M (AvailPageFile size 4M)
current process WorkingSet (physical memory assigned to process): 116M, peak: 118M
current process commit charge ("private bytes"): 217M, peak: 218M

vm_info: Java HotSpot(TM) 64-Bit Server VM (11.0.2+9-LTS) for windows-amd64 JRE (11.0.2+9-LTS), built on Jan 18 2019 05:24:10 by "mach5one" with MS VC++ 15.5 (VS2017)

END.
