#
# There is insufficient memory for the Java Runtime Environment to continue.
# Native memory allocation (malloc) failed to allocate 249456 bytes for Chunk::new
# Possible reasons:
#   The system is out of physical RAM or swap space
#   The process is running with CompressedOops enabled, and the Java Heap may be blocking the growth of the native heap
# Possible solutions:
#   Reduce memory load on the system
#   Increase physical memory or swap space
#   Check if swap backing store is full
#   Decrease Java heap size (-Xmx/-Xms)
#   Decrease number of Java threads
#   Decrease Java thread stack sizes (-Xss)
#   Set larger code cache with -XX:ReservedCodeCacheSize=
#   JVM is running with Unscaled Compressed Oops mode in which the Java heap is
#     placed in the first 4GB address space. The Java Heap base address is the
#     maximum limit for the native heap growth. Please use -XX:HeapBaseMinAddress
#     to set the Java Heap base and to place the Java Heap above 4GB virtual address.
# This output file may be truncated or incomplete.
#
#  Out of Memory Error (t:/workspace/open/src/hotspot/share/memory/arena.cpp:197), pid=2092, tid=2560
#
# JRE version: Java(TM) SE Runtime Environment (11.0.2+9) (build 11.0.2+9-LTS)
# Java VM: Java HotSpot(TM) 64-Bit Server VM (11.0.2+9-LTS, mixed mode, tiered, compressed oops, parallel gc, windows-amd64)
# No core dump will be written. Minidumps are not enabled by default on client versions of Windows
#

---------------  S U M M A R Y ------------

Command Line: --add-modules=ALL-SYSTEM --add-opens=java.base/java.util=ALL-UNNAMED --add-opens=java.base/java.lang=ALL-UNNAMED -Declipse.application=org.eclipse.jdt.ls.core.id1 -Dosgi.bundles.defaultStartLevel=4 -Declipse.product=org.eclipse.jdt.ls.core.product -Djava.import.generatesMetadataFilesAtProjectRoot=false -Dfile.encoding=utf8 -DwatchParentProcess=false -XX:+UseParallelGC -XX:GCTimeRatio=4 -XX:AdaptiveSizePolicyWeight=90 -Dsun.zip.disableMemoryMapping=true -Xmx1G -Xms100m -XX:+HeapDumpOnOutOfMemoryError -XX:HeapDumpPath=c:\Users\Pc\AppData\Roaming\Code\User\workspaceStorage\71339ea470635b0bf8dc73e1feefa39c\redhat.java -Xverify:none c:\Users\Pc\.vscode\extensions\redhat.java-1.1.0\server\plugins\org.eclipse.equinox.launcher_1.6.400.v20210924-0641.jar -configuration c:\Users\Pc\AppData\Roaming\Code\User\globalStorage\redhat.java\1.1.0\config_win -data c:\Users\Pc\AppData\Roaming\Code\User\workspaceStorage\71339ea470635b0bf8dc73e1feefa39c\redhat.java\jdt_ws

Host: AMD Athlon(tm) II X2 250 Processor, 2 cores, 7G,  Windows 10 , 64 bit Build 19041 (10.0.19041.1348)
Time: Thu Dec  2 23:51:37 2021 Hora estándar de Argentina elapsed time: 9 seconds (0d 0h 0m 9s)

---------------  T H R E A D  ---------------

Current thread (0x0000024fa5fb3800):  JavaThread "C2 CompilerThread0" daemon [_thread_in_native, id=2560, stack(0x000000ce57400000,0x000000ce57500000)]


Current CompileTask:
C2:   9881 2627       4       java.util.Properties$LineReader::readLine (585 bytes)

Stack: [0x000000ce57400000,0x000000ce57500000]
Native frames: (J=compiled Java code, j=interpreted, Vv=VM code, C=native code)
V  [jvm.dll+0x63574a]
V  [jvm.dll+0x77326f]
V  [jvm.dll+0x77491a]
V  [jvm.dll+0x774fd3]
V  [jvm.dll+0x25e418]
V  [jvm.dll+0xc2141]
V  [jvm.dll+0xc26dc]
V  [jvm.dll+0x36d7b7]
V  [jvm.dll+0x33a8b3]
V  [jvm.dll+0x339c8a]
V  [jvm.dll+0x218245]
V  [jvm.dll+0x2173ea]
V  [jvm.dll+0x194200]
V  [jvm.dll+0x2263af]
V  [jvm.dll+0x2249b8]
V  [jvm.dll+0x738a9d]
V  [jvm.dll+0x6347f2]
C  [ucrtbase.dll+0x21bb2]
C  [KERNEL32.DLL+0x17034]
C  [ntdll.dll+0x52651]


---------------  P R O C E S S  ---------------

Threads class SMR info:
_java_thread_list=0x0000024fa8974180, length=19, elements={
0x0000024f8a344000, 0x0000024fa5f41800, 0x0000024fa5f42800, 0x0000024fa5fad800,
0x0000024fa5fb0800, 0x0000024fa5fb3800, 0x0000024fa5fb5000, 0x0000024fa5ffd800,
0x0000024fa6bb8800, 0x0000024fa6cc8000, 0x0000024fa7285000, 0x0000024fa70d1000,
0x0000024fa72a4800, 0x0000024fa7431000, 0x0000024fa734f000, 0x0000024fa7395000,
0x0000024fa89e8800, 0x0000024fa8945000, 0x0000024fa83ae000
}

Java Threads: ( => current thread )
  0x0000024f8a344000 JavaThread "main" [_thread_blocked, id=12184, stack(0x000000ce56d00000,0x000000ce56e00000)]
  0x0000024fa5f41800 JavaThread "Reference Handler" daemon [_thread_blocked, id=3684, stack(0x000000ce57000000,0x000000ce57100000)]
  0x0000024fa5f42800 JavaThread "Finalizer" daemon [_thread_blocked, id=13444, stack(0x000000ce57100000,0x000000ce57200000)]
  0x0000024fa5fad800 JavaThread "Signal Dispatcher" daemon [_thread_blocked, id=6576, stack(0x000000ce57200000,0x000000ce57300000)]
  0x0000024fa5fb0800 JavaThread "Attach Listener" daemon [_thread_blocked, id=11800, stack(0x000000ce57300000,0x000000ce57400000)]
=>0x0000024fa5fb3800 JavaThread "C2 CompilerThread0" daemon [_thread_in_native, id=2560, stack(0x000000ce57400000,0x000000ce57500000)]
  0x0000024fa5fb5000 JavaThread "C1 CompilerThread0" daemon [_thread_blocked, id=13276, stack(0x000000ce57500000,0x000000ce57600000)]
  0x0000024fa5ffd800 JavaThread "Sweeper thread" daemon [_thread_blocked, id=11320, stack(0x000000ce57600000,0x000000ce57700000)]
  0x0000024fa6bb8800 JavaThread "Common-Cleaner" daemon [_thread_blocked, id=16224, stack(0x000000ce57700000,0x000000ce57800000)]
  0x0000024fa6cc8000 JavaThread "Service Thread" daemon [_thread_blocked, id=6580, stack(0x000000ce57800000,0x000000ce57900000)]
  0x0000024fa7285000 JavaThread "Equinox resolver thread - Equinox Container: e47356ec-a8d4-4345-b42f-3f39752d0407" daemon [_thread_blocked, id=13244, stack(0x000000ce57a00000,0x000000ce57b00000)]
  0x0000024fa70d1000 JavaThread "Equinox resolver thread - Equinox Container: e47356ec-a8d4-4345-b42f-3f39752d0407" daemon [_thread_blocked, id=12980, stack(0x000000ce57b00000,0x000000ce57c00000)]
  0x0000024fa72a4800 JavaThread "Active Thread: Equinox Container: e47356ec-a8d4-4345-b42f-3f39752d0407" [_thread_blocked, id=12836, stack(0x000000ce57c00000,0x000000ce57d00000)]
  0x0000024fa7431000 JavaThread "Framework Event Dispatcher: Equinox Container: e47356ec-a8d4-4345-b42f-3f39752d0407" daemon [_thread_blocked, id=5904, stack(0x000000ce57d00000,0x000000ce57e00000)]
  0x0000024fa734f000 JavaThread "Start Level: Equinox Container: e47356ec-a8d4-4345-b42f-3f39752d0407" daemon [_thread_in_vm, id=10456, stack(0x000000ce57e00000,0x000000ce57f00000)]
  0x0000024fa7395000 JavaThread "Refresh Thread: Equinox Container: e47356ec-a8d4-4345-b42f-3f39752d0407" daemon [_thread_blocked, id=2444, stack(0x000000ce58000000,0x000000ce58100000)]
  0x0000024fa89e8800 JavaThread "SCR Component Actor" daemon [_thread_blocked, id=11472, stack(0x000000ce58100000,0x000000ce58200000)]
  0x0000024fa8945000 JavaThread "Timer-0" daemon [_thread_blocked, id=13964, stack(0x000000ce58200000,0x000000ce58300000)]
  0x0000024fa83ae000 JavaThread "Worker-JM" [_thread_blocked, id=15376, stack(0x000000ce58300000,0x000000ce58400000)]

Other Threads:
  0x0000024fa5ebb000 VMThread "VM Thread" [stack: 0x000000ce56f00000,0x000000ce57000000] [id=2388]
  0x0000024fa6cce000 WatcherThread [stack: 0x000000ce57900000,0x000000ce57a00000] [id=7552]
  0x0000024f8a359000 GCTaskThread "ParGC Thread#0" [stack: 0x000000ce56e00000,0x000000ce56f00000] [id=5376]
  0x0000024fa735b800 GCTaskThread "ParGC Thread#1" [stack: 0x000000ce57f00000,0x000000ce58000000] [id=10488]

Threads with active compile tasks:
C2 CompilerThread02627       4       java.util.Properties$LineReader::readLine (585 bytes)

VM state:not at safepoint (normal execution)

VM Mutex/Monitor currently owned by a thread: None

Heap address: 0x00000000c0000000, size: 1024 MB, Compressed Oops mode: 32-bit
Narrow klass base: 0x0000000000000000, Narrow klass shift: 3
Compressed class space size: 1073741824 Address: 0x0000000100000000

Heap:
 PSYoungGen      total 29696K, used 2435K [0x00000000eab00000, 0x00000000ecc00000, 0x0000000100000000)
  eden space 25600K, 9% used [0x00000000eab00000,0x00000000ead60f78,0x00000000ec400000)
  from space 4096K, 0% used [0x00000000ec800000,0x00000000ec800000,0x00000000ecc00000)
  to   space 4096K, 0% used [0x00000000ec400000,0x00000000ec400000,0x00000000ec800000)
 ParOldGen       total 68608K, used 8131K [0x00000000c0000000, 0x00000000c4300000, 0x00000000eab00000)
  object space 68608K, 11% used [0x00000000c0000000,0x00000000c07f0fc8,0x00000000c4300000)
 Metaspace       used 20232K, capacity 21074K, committed 21248K, reserved 1069056K
  class space    used 1881K, capacity 2194K, committed 2304K, reserved 1048576K

Card table byte_map: [0x0000024fa3090000,0x0000024fa32a0000] _byte_map_base: 0x0000024fa2a90000

Marking Bits: (ParMarkBitMap*) 0x00007ffba950dc00
 Begin Bits: [0x0000024fa3400000, 0x0000024fa4400000)
 End Bits:   [0x0000024fa4400000, 0x0000024fa5400000)

Polling page: 0x0000024f8a1e0000

Metaspace:

Usage:
  Non-class:     18.44 MB capacity,    17.92 MB ( 97%) used,   488.44 KB (  3%) free+waste,    39.81 KB ( <1%) overhead. 
      Class:      2.14 MB capacity,     1.84 MB ( 86%) used,   294.35 KB ( 13%) free+waste,    18.56 KB ( <1%) overhead. 
       Both:     20.58 MB capacity,    19.76 MB ( 96%) used,   782.79 KB (  4%) free+waste,    58.38 KB ( <1%) overhead. 

Virtual space:
  Non-class space:       20.00 MB reserved,      18.50 MB ( 93%) committed 
      Class space:        1.00 GB reserved,       2.25 MB ( <1%) committed 
             Both:        1.02 GB reserved,      20.75 MB (  2%) committed 

Chunk freelists:
   Non-Class:  8.00 KB
       Class:  5.75 KB
        Both:  13.75 KB

CodeHeap 'non-profiled nmethods': size=120064Kb used=958Kb max_used=958Kb free=119105Kb
 bounds [0x0000024f9b970000, 0x0000024f9bbe0000, 0x0000024fa2eb0000]
CodeHeap 'profiled nmethods': size=120000Kb used=5773Kb max_used=5773Kb free=114226Kb
 bounds [0x0000024f94440000, 0x0000024f949f0000, 0x0000024f9b970000]
CodeHeap 'non-nmethods': size=5696Kb used=1107Kb max_used=1129Kb free=4588Kb
 bounds [0x0000024f93eb0000, 0x0000024f94120000, 0x0000024f94440000]
 total_blobs=3615 nmethods=2476 adapters=345
 compilation: enabled
              stopped_count=0, restarted_count=0
 full_count=0

Compilation events (10 events):
Event: 9.818 Thread 0x0000024fa5fb5000 nmethod 2633 0x0000024f949c7710 code [0x0000024f949c7900, 0x0000024f949c7c70]
Event: 9.818 Thread 0x0000024fa5fb5000 2634       3       jdk.internal.reflect.FieldAccessorImpl::<init> (5 bytes)
Event: 9.818 Thread 0x0000024fa5fb5000 nmethod 2634 0x0000024f949c7d90 code [0x0000024f949c7f40, 0x0000024f949c8158]
Event: 9.818 Thread 0x0000024fa5fb5000 2635       3       jdk.internal.misc.Unsafe::staticFieldOffset (18 bytes)
Event: 9.818 Thread 0x0000024fa5fb5000 nmethod 2635 0x0000024f949c8210 code [0x0000024f949c83e0, 0x0000024f949c8660]
Event: 9.818 Thread 0x0000024fa5fb5000 2638  s!   3       org.eclipse.osgi.util.NLS$MessagesProperties::put (168 bytes)
Event: 9.822 Thread 0x0000024fa5fb5000 nmethod 2638 0x0000024f949c8790 code [0x0000024f949c8c40, 0x0000024f949cb060]
Event: 9.826 Thread 0x0000024fa5fb5000 2639       3       jdk.internal.reflect.UnsafeStaticObjectFieldAccessorImpl::<init> (6 bytes)
Event: 9.826 Thread 0x0000024fa5fb5000 nmethod 2639 0x0000024f949cbd90 code [0x0000024f949cbf80, 0x0000024f949cc350]
Event: 9.826 Thread 0x0000024fa5fb5000 2640       3       jdk.internal.reflect.UnsafeStaticObjectFieldAccessorImpl::set (54 bytes)

GC Heap History (10 events):
Event: 4.709 GC heap before
{Heap before GC invocations=2 (full 0):
 PSYoungGen      total 29696K, used 28911K [0x00000000eab00000, 0x00000000ecc00000, 0x0000000100000000)
  eden space 25600K, 100% used [0x00000000eab00000,0x00000000ec400000,0x00000000ec400000)
  from space 4096K, 80% used [0x00000000ec400000,0x00000000ec73bfb0,0x00000000ec800000)
  to   space 4096K, 0% used [0x00000000ec800000,0x00000000ec800000,0x00000000ecc00000)
 ParOldGen       total 68608K, used 0K [0x00000000c0000000, 0x00000000c4300000, 0x00000000eab00000)
  object space 68608K, 0% used [0x00000000c0000000,0x00000000c0000000,0x00000000c4300000)
 Metaspace       used 14005K, capacity 14323K, committed 14464K, reserved 1062912K
  class space    used 1283K, capacity 1373K, committed 1408K, reserved 1048576K
}
Event: 4.728 GC heap after
{Heap after GC invocations=2 (full 0):
 PSYoungGen      total 29696K, used 4089K [0x00000000eab00000, 0x00000000ecc00000, 0x0000000100000000)
  eden space 25600K, 0% used [0x00000000eab00000,0x00000000eab00000,0x00000000ec400000)
  from space 4096K, 99% used [0x00000000ec800000,0x00000000ecbfe710,0x00000000ecc00000)
  to   space 4096K, 0% used [0x00000000ec400000,0x00000000ec400000,0x00000000ec800000)
 ParOldGen       total 68608K, used 5086K [0x00000000c0000000, 0x00000000c4300000, 0x00000000eab00000)
  object space 68608K, 7% used [0x00000000c0000000,0x00000000c04f79f8,0x00000000c4300000)
 Metaspace       used 14005K, capacity 14323K, committed 14464K, reserved 1062912K
  class space    used 1283K, capacity 1373K, committed 1408K, reserved 1048576K
}
Event: 9.508 GC heap before
{Heap before GC invocations=3 (full 0):
 PSYoungGen      total 29696K, used 25026K [0x00000000eab00000, 0x00000000ecc00000, 0x0000000100000000)
  eden space 25600K, 81% used [0x00000000eab00000,0x00000000ebf724b0,0x00000000ec400000)
  from space 4096K, 99% used [0x00000000ec800000,0x00000000ecbfe710,0x00000000ecc00000)
  to   space 4096K, 0% used [0x00000000ec400000,0x00000000ec400000,0x00000000ec800000)
 ParOldGen       total 68608K, used 5086K [0x00000000c0000000, 0x00000000c4300000, 0x00000000eab00000)
  object space 68608K, 7% used [0x00000000c0000000,0x00000000c04f79f8,0x00000000c4300000)
 Metaspace       used 19425K, capacity 20277K, committed 20352K, reserved 1073152K
  class space    used 1823K, capacity 2114K, committed 2176K, reserved 1048576K
}
Event: 9.524 GC heap after
{Heap after GC invocations=3 (full 0):
 PSYoungGen      total 29696K, used 4068K [0x00000000eab00000, 0x00000000ecc00000, 0x0000000100000000)
  eden space 25600K, 0% used [0x00000000eab00000,0x00000000eab00000,0x00000000ec400000)
  from space 4096K, 99% used [0x00000000ec400000,0x00000000ec7f9308,0x00000000ec800000)
  to   space 4096K, 0% used [0x00000000ec800000,0x00000000ec800000,0x00000000ecc00000)
 ParOldGen       total 68608K, used 8653K [0x00000000c0000000, 0x00000000c4300000, 0x00000000eab00000)
  object space 68608K, 12% used [0x00000000c0000000,0x00000000c08734a8,0x00000000c4300000)
 Metaspace       used 19425K, capacity 20277K, committed 20352K, reserved 1073152K
  class space    used 1823K, capacity 2114K, committed 2176K, reserved 1048576K
}
Event: 9.524 GC heap before
{Heap before GC invocations=4 (full 1):
 PSYoungGen      total 29696K, used 4068K [0x00000000eab00000, 0x00000000ecc00000, 0x0000000100000000)
  eden space 25600K, 0% used [0x00000000eab00000,0x00000000eab00000,0x00000000ec400000)
  from space 4096K, 99% used [0x00000000ec400000,0x00000000ec7f9308,0x00000000ec800000)
  to   space 4096K, 0% used [0x00000000ec800000,0x00000000ec800000,0x00000000ecc00000)
 ParOldGen       total 68608K, used 8653K [0x00000000c0000000, 0x00000000c4300000, 0x00000000eab00000)
  object space 68608K, 12% used [0x00000000c0000000,0x00000000c08734a8,0x00000000c4300000)
 Metaspace       used 19425K, capacity 20277K, committed 20352K, reserved 1073152K
  class space    used 1823K, capacity 2114K, committed 2176K, reserved 1048576K
}
Event: 9.619 GC heap after
{Heap after GC invocations=4 (full 1):
 PSYoungGen      total 29696K, used 0K [0x00000000eab00000, 0x00000000ecc00000, 0x0000000100000000)
  eden space 25600K, 0% used [0x00000000eab00000,0x00000000eab00000,0x00000000ec400000)
  from space 4096K, 0% used [0x00000000ec400000,0x00000000ec400000,0x00000000ec800000)
  to   space 4096K, 0% used [0x00000000ec800000,0x00000000ec800000,0x00000000ecc00000)
 ParOldGen       total 68608K, used 8725K [0x00000000c0000000, 0x00000000c4300000, 0x00000000eab00000)
  object space 68608K, 12% used [0x00000000c0000000,0x00000000c0885520,0x00000000c4300000)
 Metaspace       used 19425K, capacity 20277K, committed 20352K, reserved 1073152K
  class space    used 1823K, capacity 2114K, committed 2176K, reserved 1048576K
}
Event: 9.619 GC heap before
{Heap before GC invocations=5 (full 1):
 PSYoungGen      total 29696K, used 0K [0x00000000eab00000, 0x00000000ecc00000, 0x0000000100000000)
  eden space 25600K, 0% used [0x00000000eab00000,0x00000000eab00000,0x00000000ec400000)
  from space 4096K, 0% used [0x00000000ec400000,0x00000000ec400000,0x00000000ec800000)
  to   space 4096K, 0% used [0x00000000ec800000,0x00000000ec800000,0x00000000ecc00000)
 ParOldGen       total 68608K, used 8725K [0x00000000c0000000, 0x00000000c4300000, 0x00000000eab00000)
  object space 68608K, 12% used [0x00000000c0000000,0x00000000c0885520,0x00000000c4300000)
 Metaspace       used 19425K, capacity 20277K, committed 20352K, reserved 1077248K
  class space    used 1823K, capacity 2114K, committed 2176K, reserved 1048576K
}
Event: 9.620 GC heap after
{Heap after GC invocations=5 (full 1):
 PSYoungGen      total 29696K, used 0K [0x00000000eab00000, 0x00000000ecc00000, 0x0000000100000000)
  eden space 25600K, 0% used [0x00000000eab00000,0x00000000eab00000,0x00000000ec400000)
  from space 4096K, 0% used [0x00000000ec800000,0x00000000ec800000,0x00000000ecc00000)
  to   space 4096K, 0% used [0x00000000ec400000,0x00000000ec400000,0x00000000ec800000)
 ParOldGen       total 68608K, used 8725K [0x00000000c0000000, 0x00000000c4300000, 0x00000000eab00000)
  object space 68608K, 12% used [0x00000000c0000000,0x00000000c0885520,0x00000000c4300000)
 Metaspace       used 19425K, capacity 20277K, committed 20352K, reserved 1077248K
  class space    used 1823K, capacity 2114K, committed 2176K, reserved 1048576K
}
Event: 9.620 GC heap before
{Heap before GC invocations=6 (full 2):
 PSYoungGen      total 29696K, used 0K [0x00000000eab00000, 0x00000000ecc00000, 0x0000000100000000)
  eden space 25600K, 0% used [0x00000000eab00000,0x00000000eab00000,0x00000000ec400000)
  from space 4096K, 0% used [0x00000000ec800000,0x00000000ec800000,0x00000000ecc00000)
  to   space 4096K, 0% used [0x00000000ec400000,0x00000000ec400000,0x00000000ec800000)
 ParOldGen       total 68608K, used 8725K [0x00000000c0000000, 0x00000000c4300000, 0x00000000eab00000)
  object space 68608K, 12% used [0x00000000c0000000,0x00000000c0885520,0x00000000c4300000)
 Metaspace       used 19425K, capacity 20277K, committed 20352K, reserved 1077248K
  class space    used 1823K, capacity 2114K, committed 2176K, reserved 1048576K
}
Event: 9.738 GC heap after
{Heap after GC invocations=6 (full 2):
 PSYoungGen      total 29696K, used 0K [0x00000000eab00000, 0x00000000ecc00000, 0x0000000100000000)
  eden space 25600K, 0% used [0x00000000eab00000,0x00000000eab00000,0x00000000ec400000)
  from space 4096K, 0% used [0x00000000ec800000,0x00000000ec800000,0x00000000ecc00000)
  to   space 4096K, 0% used [0x00000000ec400000,0x00000000ec400000,0x00000000ec800000)
 ParOldGen       total 68608K, used 8131K [0x00000000c0000000, 0x00000000c4300000, 0x00000000eab00000)
  object space 68608K, 11% used [0x00000000c0000000,0x00000000c07f0fc8,0x00000000c4300000)
 Metaspace       used 19353K, capacity 20168K, committed 20352K, reserved 1069056K
  class space    used 1805K, capacity 2079K, committed 2176K, reserved 1048576K
}

Deoptimization events (10 events):
Event: 4.920 Thread 0x0000024fa7395000 Uncommon trap: reason=unstable_if action=reinterpret pc=0x0000024f9b9bcaac method=java.util.HashMap.putVal(ILjava/lang/Object;Ljava/lang/Object;ZZ)Ljava/lang/Object; @ 236 c2
Event: 8.600 Thread 0x0000024fa734f000 Uncommon trap: reason=unstable_if action=reinterpret pc=0x0000024f9b9cbf2c method=java.io.WinNTFileSystem.normalize(Ljava/lang/String;II)Ljava/lang/String; @ 100 c2
Event: 9.216 Thread 0x0000024fa734f000 Uncommon trap: reason=unstable_if action=reinterpret pc=0x0000024f9ba467bc method=com.sun.org.apache.xerces.internal.impl.XMLEntityScanner.scanLiteral(ILcom/sun/org/apache/xerces/internal/xni/XMLString;Z)I @ 570 c2
Event: 9.371 Thread 0x0000024fa734f000 Uncommon trap: reason=unstable_if action=reinterpret pc=0x0000024f9ba51f50 method=com.sun.org.apache.xerces.internal.impl.XMLEntityScanner.scanLiteral(ILcom/sun/org/apache/xerces/internal/xni/XMLString;Z)I @ 660 c2
Event: 9.385 Thread 0x0000024fa734f000 Uncommon trap: reason=class_check action=maybe_recompile pc=0x0000024f9b9ef990 method=java.util.Collections$3.hasMoreElements()Z @ 4 c2
Event: 9.385 Thread 0x0000024fa734f000 Uncommon trap: reason=class_check action=maybe_recompile pc=0x0000024f9b9ef990 method=java.util.Collections$3.hasMoreElements()Z @ 4 c2
Event: 9.385 Thread 0x0000024fa734f000 Uncommon trap: reason=class_check action=maybe_recompile pc=0x0000024f9b9ef990 method=java.util.Collections$3.hasMoreElements()Z @ 4 c2
Event: 9.385 Thread 0x0000024fa734f000 Uncommon trap: reason=class_check action=maybe_recompile pc=0x0000024f9b9ef990 method=java.util.Collections$3.hasMoreElements()Z @ 4 c2
Event: 9.500 Thread 0x0000024fa734f000 Uncommon trap: reason=unstable_if action=reinterpret pc=0x0000024f9b98b244 method=java.lang.StringLatin1.canEncode(I)Z @ 4 c2
Event: 9.500 Thread 0x0000024fa734f000 Uncommon trap: reason=unstable_if action=reinterpret pc=0x0000024f9b98ba2c method=java.lang.AbstractStringBuilder.isLatin1()Z @ 10 c2

Classes redefined (0 events):
No events

Internal exceptions (10 events):
Event: 2.811 Thread 0x0000024f8a344000 Exception <a 'java/lang/NoSuchMethodError'{0x00000000ebdb9208}: java.lang.invoke.DirectMethodHandle$Holder.invokeSpecial(Ljava/lang/Object;Ljava/lang/Object;Ljava/lang/Object;Ljava/lang/Object;)I> (0x00000000ebdb9208) thrown at [t:/workspace/open/src/hots
Event: 2.915 Thread 0x0000024f8a344000 Exception <a 'java/lang/NoSuchMethodError'{0x00000000ec0ac490}: java.lang.invoke.Invokers$Holder.linkToTargetMethod(Ljava/lang/Object;Ljava/lang/Object;Ljava/lang/Object;ILjava/lang/Object;Ljava/lang/Object;)Ljava/lang/Object;> (0x00000000ec0ac490) thrown
Event: 4.511 Thread 0x0000024f8a344000 Exception <a 'java/lang/UnsatisfiedLinkError'{0x00000000ebe716f0}: org.eclipse.equinox.launcher.JNIBridge._update_splash()V> (0x00000000ebe716f0) thrown at [t:/workspace/open/src/hotspot/share/prims/nativeLookup.cpp, line 382]
Event: 4.909 Thread 0x0000024fa7395000 Implicit null exception at 0x0000024f9b99d2f0 to 0x0000024f9b9a07ae
Event: 8.142 Thread 0x0000024fa734f000 Exception <a 'java/lang/NoSuchMethodError'{0x00000000eb245610}: java.lang.invoke.Invokers$Holder.linkToTargetMethod(Ljava/lang/Object;Ljava/lang/Object;Ljava/lang/Object;ILjava/lang/Object;)Ljava/lang/Object;> (0x00000000eb245610) thrown at [t:/workspace/
Event: 8.351 Thread 0x0000024fa734f000 Exception <a 'java/lang/NoSuchMethodError'{0x00000000eb43d230}: java.lang.invoke.DirectMethodHandle$Holder.invokeStatic(Ljava/lang/Object;Ljava/lang/Object;Ljava/lang/Object;Ljava/lang/Object;Ljava/lang/Object;Ljava/lang/Object;Ljava/lang/Object;Ljava/lan
Event: 8.357 Thread 0x0000024fa734f000 Exception <a 'java/lang/NoSuchMethodError'{0x00000000eb44b238}: java.lang.invoke.DirectMethodHandle$Holder.invokeStatic(Ljava/lang/Object;Ljava/lang/Object;Ljava/lang/Object;Ljava/lang/Object;Ljava/lang/Object;Ljava/lang/Object;Ljava/lang/Object;Ljava/lan
Event: 8.359 Thread 0x0000024fa734f000 Exception <a 'java/lang/NoSuchMethodError'{0x00000000eb459148}: java.lang.invoke.DirectMethodHandle$Holder.invokeSpecial(Ljava/lang/Object;Ljava/lang/Object;IILjava/lang/Object;Ljava/lang/Object;Ljava/lang/Object;)Ljava/lang/Object;> (0x00000000eb459148) 
Event: 8.359 Thread 0x0000024fa734f000 Exception <a 'java/lang/NoSuchMethodError'{0x00000000eb45c6d0}: java.lang.invoke.DelegatingMethodHandle$Holder.reinvoke_L(Ljava/lang/Object;IILjava/lang/Object;Ljava/lang/Object;Ljava/lang/Object;)Ljava/lang/Object;> (0x00000000eb45c6d0) thrown at [t:/wor
Event: 9.352 Thread 0x0000024fa734f000 Exception <a 'java/io/FileNotFoundException'{0x00000000ebc58c50}> (0x00000000ebc58c50) thrown at [t:/workspace/open/src/hotspot/share/prims/jni.cpp, line 615]

Events (10 events):
Event: 9.772 loading class org/eclipse/core/internal/jobs/JobListeners$IListenerDoit done
Event: 9.781 Thread 0x0000024fa83ae000 Thread added: 0x0000024fa83ae000
Event: 9.784 Executing VM operation: RevokeBias
Event: 9.785 Executing VM operation: RevokeBias done
Event: 9.794 Executing VM operation: RevokeBias
Event: 9.795 Executing VM operation: RevokeBias done
Event: 9.815 Thread 0x0000024fa734f000 DEOPT PACKING pc=0x0000024f944ce65e sp=0x000000ce57efa240
Event: 9.815 Thread 0x0000024fa734f000 DEOPT UNPACKING pc=0x0000024f93ed773f sp=0x000000ce57ef96f8 mode 0
Event: 9.817 Thread 0x0000024fa734f000 DEOPT PACKING pc=0x0000024f944ce65e sp=0x000000ce57efa240
Event: 9.817 Thread 0x0000024fa734f000 DEOPT UNPACKING pc=0x0000024f93ed773f sp=0x000000ce57ef96f8 mode 0


Dynamic libraries:
0x00007ff7a5a00000 - 0x00007ff7a5a47000 	C:\Program Files\Java\jdk-11.0.2\bin\java.exe
0x00007ffbeefb0000 - 0x00007ffbef1a5000 	C:\Windows\SYSTEM32\ntdll.dll
0x00007ffbedbb0000 - 0x00007ffbedc6e000 	C:\Windows\System32\KERNEL32.DLL
0x00007ffbecad0000 - 0x00007ffbecd98000 	C:\Windows\System32\KERNELBASE.dll
0x00007ffbeddd0000 - 0x00007ffbede7c000 	C:\Windows\System32\ADVAPI32.dll
0x00007ffbeda40000 - 0x00007ffbedade000 	C:\Windows\System32\msvcrt.dll
0x00007ffbeeeb0000 - 0x00007ffbeef4b000 	C:\Windows\System32\sechost.dll
0x00007ffbedf60000 - 0x00007ffbee08a000 	C:\Windows\System32\RPCRT4.dll
0x00007ffbed000000 - 0x00007ffbed1a1000 	C:\Windows\System32\USER32.dll
0x00007ffbec940000 - 0x00007ffbec962000 	C:\Windows\System32\win32u.dll
0x00007ffbedda0000 - 0x00007ffbeddcb000 	C:\Windows\System32\GDI32.dll
0x00007ffbecda0000 - 0x00007ffbeceab000 	C:\Windows\System32\gdi32full.dll
0x00007ffbeca00000 - 0x00007ffbeca9d000 	C:\Windows\System32\msvcp_win.dll
0x00007ffbecf00000 - 0x00007ffbed000000 	C:\Windows\System32\ucrtbase.dll
0x00007ffbd6a20000 - 0x00007ffbd6cba000 	C:\Windows\WinSxS\amd64_microsoft.windows.common-controls_6595b64144ccf1df_6.0.19041.1110_none_60b5254171f9507e\COMCTL32.dll
0x00007ffbe4460000 - 0x00007ffbe446a000 	C:\Windows\SYSTEM32\VERSION.dll
0x00007ffbedaf0000 - 0x00007ffbedb20000 	C:\Windows\System32\IMM32.DLL
0x00007ffbda990000 - 0x00007ffbda9a6000 	C:\Program Files\Java\jdk-11.0.2\bin\vcruntime140.dll
0x00007ffbb4fc0000 - 0x00007ffbb506a000 	C:\Program Files\Java\jdk-11.0.2\bin\msvcp140.dll
0x00007ffba8aa0000 - 0x00007ffba95c7000 	C:\Program Files\Java\jdk-11.0.2\bin\server\jvm.dll
0x00007ffbedae0000 - 0x00007ffbedae8000 	C:\Windows\System32\PSAPI.DLL
0x00007ffbdb4c0000 - 0x00007ffbdb4c9000 	C:\Windows\SYSTEM32\WSOCK32.dll
0x00007ffbed550000 - 0x00007ffbed5bb000 	C:\Windows\System32\WS2_32.dll
0x00007ffbe4430000 - 0x00007ffbe4457000 	C:\Windows\SYSTEM32\WINMM.dll
0x00007ffbea5f0000 - 0x00007ffbea602000 	C:\Windows\SYSTEM32\kernel.appcore.dll
0x00007ffbd7f10000 - 0x00007ffbd7f21000 	C:\Program Files\Java\jdk-11.0.2\bin\verify.dll
0x00007ffbe52f0000 - 0x00007ffbe54d4000 	C:\Windows\SYSTEM32\DBGHELP.DLL
0x00007ffbdb490000 - 0x00007ffbdb4bc000 	C:\Windows\SYSTEM32\dbgcore.DLL
0x00007ffbec970000 - 0x00007ffbec9f3000 	C:\Windows\System32\bcryptPrimitives.dll
0x00007ffbd7c50000 - 0x00007ffbd7c79000 	C:\Program Files\Java\jdk-11.0.2\bin\java.dll
0x00007ffbccf10000 - 0x00007ffbccf26000 	C:\Program Files\Java\jdk-11.0.2\bin\zip.dll
0x00007ffbdafa0000 - 0x00007ffbdafaa000 	C:\Program Files\Java\jdk-11.0.2\bin\jimage.dll
0x00007ffbee5d0000 - 0x00007ffbeed0f000 	C:\Windows\System32\SHELL32.dll
0x00007ffbea7f0000 - 0x00007ffbeaf80000 	C:\Windows\SYSTEM32\windows.storage.dll
0x00007ffbee210000 - 0x00007ffbee565000 	C:\Windows\System32\combase.dll
0x00007ffbec050000 - 0x00007ffbec07e000 	C:\Windows\SYSTEM32\Wldp.dll
0x00007ffbeeda0000 - 0x00007ffbeee4d000 	C:\Windows\System32\SHCORE.dll
0x00007ffbee570000 - 0x00007ffbee5c5000 	C:\Windows\System32\shlwapi.dll
0x00007ffbec610000 - 0x00007ffbec62f000 	C:\Windows\SYSTEM32\profapi.dll
0x00007ffbcc3c0000 - 0x00007ffbcc3d9000 	C:\Program Files\Java\jdk-11.0.2\bin\net.dll
0x00007ffbe1fe0000 - 0x00007ffbe20ec000 	C:\Windows\SYSTEM32\WINHTTP.dll
0x00007ffbe2b90000 - 0x00007ffbe2d7b000 	C:\Windows\SYSTEM32\urlmon.dll
0x00007ffbe2f20000 - 0x00007ffbe31d0000 	C:\Windows\SYSTEM32\iertutil.dll
0x00007ffbe2b30000 - 0x00007ffbe2b58000 	C:\Windows\SYSTEM32\srvcli.dll
0x00007ffbebbb0000 - 0x00007ffbebbbc000 	C:\Windows\SYSTEM32\netutils.dll
0x00007ffbebdb0000 - 0x00007ffbebe1a000 	C:\Windows\system32\mswsock.dll
0x00007ffbc7960000 - 0x00007ffbc7973000 	C:\Program Files\Java\jdk-11.0.2\bin\nio.dll
0x00007ffbebfa0000 - 0x00007ffbebfb8000 	C:\Windows\SYSTEM32\CRYPTSP.dll
0x00007ffbeb730000 - 0x00007ffbeb764000 	C:\Windows\system32\rsaenh.dll
0x00007ffbecaa0000 - 0x00007ffbecac7000 	C:\Windows\System32\bcrypt.dll
0x00007ffbec5d0000 - 0x00007ffbec5fe000 	C:\Windows\SYSTEM32\USERENV.dll
0x00007ffbebfc0000 - 0x00007ffbebfcc000 	C:\Windows\SYSTEM32\CRYPTBASE.dll
0x00007ffbebaa0000 - 0x00007ffbebadb000 	C:\Windows\SYSTEM32\IPHLPAPI.DLL
0x00007ffbeed10000 - 0x00007ffbeed18000 	C:\Windows\System32\NSI.dll
0x00007ffbe5220000 - 0x00007ffbe5237000 	C:\Windows\SYSTEM32\dhcpcsvc6.DLL
0x00007ffbe5200000 - 0x00007ffbe521d000 	C:\Windows\SYSTEM32\dhcpcsvc.DLL
0x00007ffbebae0000 - 0x00007ffbebbab000 	C:\Windows\SYSTEM32\DNSAPI.dll
0x00007ffbc6830000 - 0x00007ffbc686e000 	C:\Users\Pc\AppData\Roaming\Code\User\globalStorage\redhat.java\1.1.0\config_win\org.eclipse.equinox.launcher\org.eclipse.equinox.launcher.win32.win32.x86_64_1.2.400.v20211116-1129\eclipse_11601.dll
0x00007ffbed1b0000 - 0x00007ffbed2da000 	C:\Windows\System32\ole32.dll

dbghelp: loaded successfully - version: 4.0.5 - missing functions: none
symbol engine: initialized successfully - sym options: 0x614 - pdb path: .;C:\Program Files\Java\jdk-11.0.2\bin;C:\Windows\SYSTEM32;C:\Windows\WinSxS\amd64_microsoft.windows.common-controls_6595b64144ccf1df_6.0.19041.1110_none_60b5254171f9507e;C:\Program Files\Java\jdk-11.0.2\bin\server;C:\Users\Pc\AppData\Roaming\Code\User\globalStorage\redhat.java\1.1.0\config_win\org.eclipse.equinox.launcher\org.eclipse.equinox.launcher.win32.win32.x86_64_1.2.400.v20211116-1129

VM Arguments:
jvm_args: --add-modules=ALL-SYSTEM --add-opens=java.base/java.util=ALL-UNNAMED --add-opens=java.base/java.lang=ALL-UNNAMED -Declipse.application=org.eclipse.jdt.ls.core.id1 -Dosgi.bundles.defaultStartLevel=4 -Declipse.product=org.eclipse.jdt.ls.core.product -Djava.import.generatesMetadataFilesAtProjectRoot=false -Dfile.encoding=utf8 -DwatchParentProcess=false -XX:+UseParallelGC -XX:GCTimeRatio=4 -XX:AdaptiveSizePolicyWeight=90 -Dsun.zip.disableMemoryMapping=true -Xmx1G -Xms100m -XX:+HeapDumpOnOutOfMemoryError -XX:HeapDumpPath=c:\Users\Pc\AppData\Roaming\Code\User\workspaceStorage\71339ea470635b0bf8dc73e1feefa39c\redhat.java -Xverify:none 
java_command: c:\Users\Pc\.vscode\extensions\redhat.java-1.1.0\server\plugins\org.eclipse.equinox.launcher_1.6.400.v20210924-0641.jar -configuration c:\Users\Pc\AppData\Roaming\Code\User\globalStorage\redhat.java\1.1.0\config_win -data c:\Users\Pc\AppData\Roaming\Code\User\workspaceStorage\71339ea470635b0bf8dc73e1feefa39c\redhat.java\jdt_ws
java_class_path (initial): c:\Users\Pc\.vscode\extensions\redhat.java-1.1.0\server\plugins\org.eclipse.equinox.launcher_1.6.400.v20210924-0641.jar
Launcher Type: SUN_STANDARD

[Global flags]
    uintx AdaptiveSizePolicyWeight                 = 90                                        {product} {command line}
     bool BytecodeVerificationLocal                = false                                     {product} {command line}
     bool BytecodeVerificationRemote               = false                                     {product} {command line}
     intx CICompilerCount                          = 2                                         {product} {ergonomic}
    uintx GCTimeRatio                              = 4                                         {product} {command line}
     bool HeapDumpOnOutOfMemoryError               = true                                   {manageable} {command line}
    ccstr HeapDumpPath                             = c:\Users\Pc\AppData\Roaming\Code\User\workspaceStorage\71339ea470635b0bf8dc73e1feefa39c\redhat.java         {manageable} {command line}
   size_t InitialHeapSize                          = 104857600                                 {product} {command line}
   size_t MaxHeapSize                              = 1073741824                                {product} {command line}
   size_t MaxNewSize                               = 357564416                                 {product} {ergonomic}
   size_t MinHeapDeltaBytes                        = 524288                                    {product} {ergonomic}
   size_t NewSize                                  = 34603008                                  {product} {ergonomic}
    uintx NonNMethodCodeHeapSize                   = 5824844                                {pd product} {ergonomic}
    uintx NonProfiledCodeHeapSize                  = 122916698                              {pd product} {ergonomic}
   size_t OldSize                                  = 70254592                                  {product} {ergonomic}
    uintx ProfiledCodeHeapSize                     = 122916698                              {pd product} {ergonomic}
    uintx ReservedCodeCacheSize                    = 251658240                              {pd product} {ergonomic}
     bool SegmentedCodeCache                       = true                                      {product} {ergonomic}
     bool UseCompressedClassPointers               = true                                 {lp64_product} {ergonomic}
     bool UseCompressedOops                        = true                                 {lp64_product} {ergonomic}
     bool UseLargePagesIndividualAllocation        = false                                  {pd product} {ergonomic}
     bool UseParallelGC                            = true                                      {product} {command line}

Logging:
Log output configuration:
 #0: stdout all=warning uptime,level,tags
 #1: stderr all=off uptime,level,tags

Environment Variables:
PATH=C:\Windows\system32;C:\Windows;C:\Windows\System32\Wbem;C:\Windows\System32\WindowsPowerShell\v1.0\;C:\Windows\System32\OpenSSH\;C:\Users\Pc\AppData\Local\Microsoft\WindowsApps;;C:\Users\Pc\AppData\Local\Programs\Microsoft VS Code\bin
USERNAME=Pc
OS=Windows_NT
PROCESSOR_IDENTIFIER=AMD64 Family 16 Model 6 Stepping 2, AuthenticAMD



---------------  S Y S T E M  ---------------

OS: Windows 10 , 64 bit Build 19041 (10.0.19041.1348)

CPU:total 2 (initial active 2) (2 cores per cpu, 1 threads per core) family 16 model 6 stepping 2, cmov, cx8, fxsr, mmx, sse, sse2, sse3, popcnt, mmxext, 3dnowpref, lzcnt, sse4a, tsc, tscinvbit, tscinv

Memory: 4k page, system-wide physical 8190M (2287M free)
TotalPageFile size 22427M (AvailPageFile size 5M)
current process WorkingSet (physical memory assigned to process): 124M, peak: 124M
current process commit charge ("private bytes"): 217M, peak: 217M

vm_info: Java HotSpot(TM) 64-Bit Server VM (11.0.2+9-LTS) for windows-amd64 JRE (11.0.2+9-LTS), built on Jan 18 2019 05:24:10 by "mach5one" with MS VC++ 15.5 (VS2017)

END.
